<?xml version="1.0" encoding="UTF-8"?>
<testsuite name="masterSpringMVC6.MasterSpringMvc6ApplicationTests" tests="1" skipped="0" failures="0" errors="0" timestamp="2016-05-22T01:21:15" hostname="OwenWilliam-PC" time="0.009">
  <properties/>
  <testcase name="contextLoads" classname="masterSpringMVC6.MasterSpringMvc6ApplicationTests" time="0.009"/>
  <system-out><![CDATA[09:20:52.844 [Test worker] DEBUG org.springframework.test.context.junit4.SpringJUnit4ClassRunner - SpringJUnit4ClassRunner constructor called with [class masterSpringMVC6.MasterSpringMvc6ApplicationTests]
09:20:52.877 [Test worker] DEBUG org.springframework.test.context.BootstrapUtils - Instantiating CacheAwareContextLoaderDelegate from class [org.springframework.test.context.cache.DefaultCacheAwareContextLoaderDelegate]
09:20:52.900 [Test worker] DEBUG org.springframework.test.context.BootstrapUtils - Instantiating BootstrapContext using constructor [public org.springframework.test.context.support.DefaultBootstrapContext(java.lang.Class,org.springframework.test.context.CacheAwareContextLoaderDelegate)]
09:20:52.940 [Test worker] DEBUG org.springframework.test.context.BootstrapUtils - Instantiating TestContextBootstrapper for test class [masterSpringMVC6.MasterSpringMvc6ApplicationTests] from class [org.springframework.test.context.web.WebTestContextBootstrapper]
09:20:52.976 [Test worker] DEBUG org.springframework.test.context.web.WebTestContextBootstrapper - Found explicit ContextLoader class [org.springframework.boot.test.SpringApplicationContextLoader] for context configuration attributes [ContextConfigurationAttributes@1b3f3f21 declaringClass = 'masterSpringMVC6.MasterSpringMvc6ApplicationTests', classes = '{class masterSpringMVC6.MasterSpringMvc6Application}', locations = '{}', inheritLocations = true, initializers = '{}', inheritInitializers = true, name = [null], contextLoaderClass = 'org.springframework.boot.test.SpringApplicationContextLoader']
09:20:53.009 [Test worker] DEBUG org.springframework.test.context.support.AbstractContextLoader - Did not detect default resource location for test class [masterSpringMVC6.MasterSpringMvc6ApplicationTests]: class path resource [masterSpringMVC6/MasterSpringMvc6ApplicationTests-context.xml] does not exist
09:20:53.010 [Test worker] DEBUG org.springframework.test.context.support.AbstractContextLoader - Did not detect default resource location for test class [masterSpringMVC6.MasterSpringMvc6ApplicationTests]: class path resource [masterSpringMVC6/MasterSpringMvc6ApplicationTestsContext.groovy] does not exist
09:20:53.011 [Test worker] INFO org.springframework.test.context.support.AbstractContextLoader - Could not detect default resource locations for test class [masterSpringMVC6.MasterSpringMvc6ApplicationTests]: no resource found for suffixes {-context.xml, Context.groovy}.
09:20:53.015 [Test worker] DEBUG org.springframework.test.context.support.ActiveProfilesUtils - Could not find an 'annotation declaring class' for annotation type [org.springframework.test.context.ActiveProfiles] and class [masterSpringMVC6.MasterSpringMvc6ApplicationTests]
09:20:53.042 [Test worker] DEBUG org.springframework.test.context.web.WebTestContextBootstrapper - @TestExecutionListeners is not present for class [masterSpringMVC6.MasterSpringMvc6ApplicationTests]: using defaults.
09:20:53.083 [Test worker] INFO org.springframework.test.context.web.WebTestContextBootstrapper - Loaded default TestExecutionListener class names from location [META-INF/spring.factories]: [org.springframework.test.context.web.ServletTestExecutionListener, org.springframework.test.context.support.DirtiesContextBeforeModesTestExecutionListener, org.springframework.test.context.support.DependencyInjectionTestExecutionListener, org.springframework.test.context.support.DirtiesContextTestExecutionListener, org.springframework.test.context.transaction.TransactionalTestExecutionListener, org.springframework.test.context.jdbc.SqlScriptsTestExecutionListener]
09:20:53.144 [Test worker] INFO org.springframework.test.context.web.WebTestContextBootstrapper - Using TestExecutionListeners: [org.springframework.test.context.web.ServletTestExecutionListener@16a5ed37, org.springframework.test.context.support.DirtiesContextBeforeModesTestExecutionListener@3e4d70cd, org.springframework.test.context.support.DependencyInjectionTestExecutionListener@69cfb80e, org.springframework.test.context.support.DirtiesContextTestExecutionListener@44e603e, org.springframework.test.context.transaction.TransactionalTestExecutionListener@3d3bf9d5, org.springframework.test.context.jdbc.SqlScriptsTestExecutionListener@68253da7]
09:20:53.151 [Test worker] DEBUG org.springframework.test.annotation.ProfileValueUtils - Retrieved @ProfileValueSourceConfiguration [null] for test class [masterSpringMVC6.MasterSpringMvc6ApplicationTests]
09:20:53.152 [Test worker] DEBUG org.springframework.test.annotation.ProfileValueUtils - Retrieved ProfileValueSource type [class org.springframework.test.annotation.SystemProfileValueSource] for class [masterSpringMVC6.MasterSpringMvc6ApplicationTests]
09:20:53.155 [Test worker] DEBUG org.springframework.test.annotation.ProfileValueUtils - Retrieved @ProfileValueSourceConfiguration [null] for test class [masterSpringMVC6.MasterSpringMvc6ApplicationTests]
09:20:53.155 [Test worker] DEBUG org.springframework.test.annotation.ProfileValueUtils - Retrieved ProfileValueSource type [class org.springframework.test.annotation.SystemProfileValueSource] for class [masterSpringMVC6.MasterSpringMvc6ApplicationTests]
09:20:53.162 [Test worker] DEBUG org.springframework.test.context.support.AbstractDirtiesContextTestExecutionListener - Before test class: context [DefaultTestContext@2744eb9c testClass = MasterSpringMvc6ApplicationTests, testInstance = [null], testMethod = [null], testException = [null], mergedContextConfiguration = [WebMergedContextConfiguration@35fc6700 testClass = MasterSpringMvc6ApplicationTests, locations = '{}', classes = '{class masterSpringMVC6.MasterSpringMvc6Application}', contextInitializerClasses = '[]', activeProfiles = '{}', propertySourceLocations = '{}', propertySourceProperties = '{}', resourceBasePath = 'src/main/webapp', contextLoader = 'org.springframework.boot.test.SpringApplicationContextLoader', parent = [null]]], class annotated with @DirtiesContext [false] with mode [null].
09:20:53.164 [Test worker] DEBUG org.springframework.test.annotation.ProfileValueUtils - Retrieved @ProfileValueSourceConfiguration [null] for test class [masterSpringMVC6.MasterSpringMvc6ApplicationTests]
09:20:53.165 [Test worker] DEBUG org.springframework.test.annotation.ProfileValueUtils - Retrieved ProfileValueSource type [class org.springframework.test.annotation.SystemProfileValueSource] for class [masterSpringMVC6.MasterSpringMvc6ApplicationTests]
09:20:53.529 [Test worker] DEBUG org.springframework.core.env.StandardEnvironment - Adding [systemProperties] PropertySource with lowest search precedence
09:20:53.536 [Test worker] DEBUG org.springframework.core.env.StandardEnvironment - Adding [systemEnvironment] PropertySource with lowest search precedence
09:20:53.536 [Test worker] DEBUG org.springframework.core.env.StandardEnvironment - Initialized StandardEnvironment with PropertySources [systemProperties,systemEnvironment]
09:20:53.544 [Test worker] DEBUG org.springframework.core.env.StandardEnvironment - Adding [integrationTest] PropertySource with search precedence immediately lower than [systemEnvironment]

  .   ____          _            __ _ _
 /\\ / ___'_ __ _ _(_)_ __  __ _ \ \ \ \
( ( )\___ | '_ | '_| | '_ \/ _` | \ \ \ \
 \\/  ___)| |_)| | | | | || (_| |  ) ) ) )
  '  |____| .__|_| |_|_| |_\__, | / / / /
 =========|_|==============|___/=/_/_/_/
 :: Spring Boot ::        (v1.3.5.RELEASE)

2016-05-22 09:20:54.627  INFO 9572 --- [    Test worker] m.MasterSpringMvc6ApplicationTests       : Starting MasterSpringMvc6ApplicationTests on OwenWilliam-PC with PID 9572 (E:\workspace\masterSpringMVC6\build\classes\test started by OwenWilliam in E:\workspace\masterSpringMVC6)
2016-05-22 09:20:54.629  INFO 9572 --- [    Test worker] m.MasterSpringMvc6ApplicationTests       : No active profile set, falling back to default profiles: default
2016-05-22 09:20:55.405  INFO 9572 --- [    Test worker] o.s.w.c.s.GenericWebApplicationContext   : Refreshing org.springframework.web.context.support.GenericWebApplicationContext@57e07eca: startup date [Sun May 22 09:20:55 CST 2016]; root of context hierarchy
2016-05-22 09:20:55.406 DEBUG 9572 --- [    Test worker] o.s.w.c.s.GenericWebApplicationContext   : Bean factory for org.springframework.web.context.support.GenericWebApplicationContext@57e07eca: org.springframework.beans.factory.support.DefaultListableBeanFactory@28fbb258: defining beans [org.springframework.context.annotation.internalConfigurationAnnotationProcessor,org.springframework.context.annotation.internalAutowiredAnnotationProcessor,org.springframework.context.annotation.internalRequiredAnnotationProcessor,org.springframework.context.annotation.internalCommonAnnotationProcessor,org.springframework.context.event.internalEventListenerProcessor,org.springframework.context.event.internalEventListenerFactory,masterSpringMvc6Application]; root of factory hierarchy
2016-05-22 09:21:02.048  INFO 9572 --- [    Test worker] f.a.AutowiredAnnotationBeanPostProcessor : JSR-330 'javax.inject.Inject' annotation found and supported for autowiring
2016-05-22 09:21:02.999 DEBUG 9572 --- [    Test worker] o.s.w.c.s.GenericWebApplicationContext   : Using MessageSource [org.springframework.context.support.ResourceBundleMessageSource: basenames=[messages]]
2016-05-22 09:21:02.999 DEBUG 9572 --- [    Test worker] o.s.w.c.s.GenericWebApplicationContext   : Using ApplicationEventMulticaster [org.springframework.context.event.SimpleApplicationEventMulticaster@16befbee]
2016-05-22 09:21:06.765 DEBUG 9572 --- [    Test worker] s.w.s.m.m.a.RequestMappingHandlerMapping : Looking for request mappings in application context: org.springframework.web.context.support.GenericWebApplicationContext@57e07eca: startup date [Sun May 22 09:20:55 CST 2016]; root of context hierarchy
2016-05-22 09:21:06.785 DEBUG 9572 --- [    Test worker] s.w.s.m.m.a.RequestMappingHandlerMapping : 1 request handler methods found on class masterSpringMVC6.api.SearchApiController: {public java.util.List masterSpringMVC6.api.SearchApiController.search(java.lang.String,java.util.List)={[/api/search/{searchType}],methods=[GET]}}
2016-05-22 09:21:06.787  INFO 9572 --- [    Test worker] s.w.s.m.m.a.RequestMappingHandlerMapping : Mapped "{[/api/search/{searchType}],methods=[GET]}" onto public java.util.List<masterSpringMVC6.search.LightTweet> masterSpringMVC6.api.SearchApiController.search(java.lang.String,java.util.List<java.lang.String>)
2016-05-22 09:21:06.789 DEBUG 9572 --- [    Test worker] s.w.s.m.m.a.RequestMappingHandlerMapping : 1 request handler methods found on class masterSpringMVC6.authentication.LoginController: {public java.lang.String masterSpringMVC6.authentication.LoginController.authenticate()={[/login]}}
2016-05-22 09:21:06.790  INFO 9572 --- [    Test worker] s.w.s.m.m.a.RequestMappingHandlerMapping : Mapped "{[/login]}" onto public java.lang.String masterSpringMVC6.authentication.LoginController.authenticate()
2016-05-22 09:21:06.791 DEBUG 9572 --- [    Test worker] s.w.s.m.m.a.RequestMappingHandlerMapping : 1 request handler methods found on class masterSpringMVC6.authentication.SignupController: {public java.lang.String masterSpringMVC6.authentication.SignupController.singup(org.springframework.web.context.request.WebRequest)={[/signup]}}
2016-05-22 09:21:06.792  INFO 9572 --- [    Test worker] s.w.s.m.m.a.RequestMappingHandlerMapping : Mapped "{[/signup]}" onto public java.lang.String masterSpringMVC6.authentication.SignupController.singup(org.springframework.web.context.request.WebRequest)
2016-05-22 09:21:06.793 DEBUG 9572 --- [    Test worker] s.w.s.m.m.a.RequestMappingHandlerMapping : 1 request handler methods found on class masterSpringMVC6.controller.HomeController: {public java.lang.String masterSpringMVC6.controller.HomeController.home()={[/]}}
2016-05-22 09:21:06.793  INFO 9572 --- [    Test worker] s.w.s.m.m.a.RequestMappingHandlerMapping : Mapped "{[/]}" onto public java.lang.String masterSpringMVC6.controller.HomeController.home()
2016-05-22 09:21:06.797 DEBUG 9572 --- [    Test worker] s.w.s.m.m.a.RequestMappingHandlerMapping : 3 request handler methods found on class masterSpringMVC6.profile.PictureUploadController: {public void masterSpringMVC6.profile.PictureUploadController.getUploadedPicture(javax.servlet.http.HttpServletResponse) throws java.io.IOException={[/uploadedPicture]}, public java.lang.String masterSpringMVC6.profile.PictureUploadController.onUpload(org.springframework.web.multipart.MultipartFile,org.springframework.web.servlet.mvc.support.RedirectAttributes) throws java.io.IOException={[/profile],methods=[POST],params=[upload]}, public org.springframework.web.servlet.ModelAndView masterSpringMVC6.profile.PictureUploadController.onUploadError(java.util.Locale)={[/uploadError]}}
2016-05-22 09:21:06.797  INFO 9572 --- [    Test worker] s.w.s.m.m.a.RequestMappingHandlerMapping : Mapped "{[/uploadedPicture]}" onto public void masterSpringMVC6.profile.PictureUploadController.getUploadedPicture(javax.servlet.http.HttpServletResponse) throws java.io.IOException
2016-05-22 09:21:06.799  INFO 9572 --- [    Test worker] s.w.s.m.m.a.RequestMappingHandlerMapping : Mapped "{[/profile],methods=[POST],params=[upload]}" onto public java.lang.String masterSpringMVC6.profile.PictureUploadController.onUpload(org.springframework.web.multipart.MultipartFile,org.springframework.web.servlet.mvc.support.RedirectAttributes) throws java.io.IOException
2016-05-22 09:21:06.799  INFO 9572 --- [    Test worker] s.w.s.m.m.a.RequestMappingHandlerMapping : Mapped "{[/uploadError]}" onto public org.springframework.web.servlet.ModelAndView masterSpringMVC6.profile.PictureUploadController.onUploadError(java.util.Locale)
2016-05-22 09:21:06.801 DEBUG 9572 --- [    Test worker] s.w.s.m.m.a.RequestMappingHandlerMapping : 4 request handler methods found on class masterSpringMVC6.profile.ProfileController: {public java.lang.String masterSpringMVC6.profile.ProfileController.displayProfile(masterSpringMVC6.profile.ProfileForm)={[/profile]}, public java.lang.String masterSpringMVC6.profile.ProfileController.addRow(masterSpringMVC6.profile.ProfileForm)={[/profile],params=[addTaste]}, public java.lang.String masterSpringMVC6.profile.ProfileController.removeRow(masterSpringMVC6.profile.ProfileForm,javax.servlet.http.HttpServletRequest)={[/profile],params=[removeTaste]}, public java.lang.String masterSpringMVC6.profile.ProfileController.saveProfile(masterSpringMVC6.profile.ProfileForm,org.springframework.validation.BindingResult)={[/profile],methods=[POST],params=[save]}}
2016-05-22 09:21:06.802  INFO 9572 --- [    Test worker] s.w.s.m.m.a.RequestMappingHandlerMapping : Mapped "{[/profile]}" onto public java.lang.String masterSpringMVC6.profile.ProfileController.displayProfile(masterSpringMVC6.profile.ProfileForm)
2016-05-22 09:21:06.803  INFO 9572 --- [    Test worker] s.w.s.m.m.a.RequestMappingHandlerMapping : Mapped "{[/profile],params=[addTaste]}" onto public java.lang.String masterSpringMVC6.profile.ProfileController.addRow(masterSpringMVC6.profile.ProfileForm)
2016-05-22 09:21:06.804  INFO 9572 --- [    Test worker] s.w.s.m.m.a.RequestMappingHandlerMapping : Mapped "{[/profile],params=[removeTaste]}" onto public java.lang.String masterSpringMVC6.profile.ProfileController.removeRow(masterSpringMVC6.profile.ProfileForm,javax.servlet.http.HttpServletRequest)
2016-05-22 09:21:06.804  INFO 9572 --- [    Test worker] s.w.s.m.m.a.RequestMappingHandlerMapping : Mapped "{[/profile],methods=[POST],params=[save]}" onto public java.lang.String masterSpringMVC6.profile.ProfileController.saveProfile(masterSpringMVC6.profile.ProfileForm,org.springframework.validation.BindingResult)
2016-05-22 09:21:06.805 DEBUG 9572 --- [    Test worker] s.w.s.m.m.a.RequestMappingHandlerMapping : 1 request handler methods found on class masterSpringMVC6.search.SearchController: {public org.springframework.web.servlet.ModelAndView masterSpringMVC6.search.SearchController.search(java.lang.String,java.util.List)={[/search/{searchType}]}}
2016-05-22 09:21:06.807  INFO 9572 --- [    Test worker] s.w.s.m.m.a.RequestMappingHandlerMapping : Mapped "{[/search/{searchType}]}" onto public org.springframework.web.servlet.ModelAndView masterSpringMVC6.search.SearchController.search(java.lang.String,java.util.List<java.lang.String>)
2016-05-22 09:21:06.813 DEBUG 9572 --- [    Test worker] s.w.s.m.m.a.RequestMappingHandlerMapping : 4 request handler methods found on class masterSpringMVC6.user.api.UserApiController: {public java.util.List masterSpringMVC6.user.api.UserApiController.findAll()={[/api/users],methods=[GET]}, public org.springframework.http.ResponseEntity masterSpringMVC6.user.api.UserApiController.createUser(masterSpringMVC6.user.User)={[/api/users],methods=[POST]}, public org.springframework.http.ResponseEntity masterSpringMVC6.user.api.UserApiController.updateUser(java.lang.String,masterSpringMVC6.user.User) throws masterSpringMVC6.error.EntityNotFoundException={[/api/user/{email}],methods=[PUT]}, public org.springframework.http.ResponseEntity masterSpringMVC6.user.api.UserApiController.deleteUser(java.lang.String) throws masterSpringMVC6.error.EntityNotFoundException={[/api/user/{email}],methods=[DELETE]}}
2016-05-22 09:21:06.814  INFO 9572 --- [    Test worker] s.w.s.m.m.a.RequestMappingHandlerMapping : Mapped "{[/api/users],methods=[GET]}" onto public java.util.List<masterSpringMVC6.user.User> masterSpringMVC6.user.api.UserApiController.findAll()
2016-05-22 09:21:06.814  INFO 9572 --- [    Test worker] s.w.s.m.m.a.RequestMappingHandlerMapping : Mapped "{[/api/users],methods=[POST]}" onto public org.springframework.http.ResponseEntity<masterSpringMVC6.user.User> masterSpringMVC6.user.api.UserApiController.createUser(masterSpringMVC6.user.User)
2016-05-22 09:21:06.815  INFO 9572 --- [    Test worker] s.w.s.m.m.a.RequestMappingHandlerMapping : Mapped "{[/api/user/{email}],methods=[PUT]}" onto public org.springframework.http.ResponseEntity<masterSpringMVC6.user.User> masterSpringMVC6.user.api.UserApiController.updateUser(java.lang.String,masterSpringMVC6.user.User) throws masterSpringMVC6.error.EntityNotFoundException
2016-05-22 09:21:06.815  INFO 9572 --- [    Test worker] s.w.s.m.m.a.RequestMappingHandlerMapping : Mapped "{[/api/user/{email}],methods=[DELETE]}" onto public org.springframework.http.ResponseEntity<masterSpringMVC6.user.User> masterSpringMVC6.user.api.UserApiController.deleteUser(java.lang.String) throws masterSpringMVC6.error.EntityNotFoundException
2016-05-22 09:21:06.816 DEBUG 9572 --- [    Test worker] s.w.s.m.m.a.RequestMappingHandlerMapping : 1 request handler methods found on class springfox.documentation.swagger2.web.Swagger2Controller: {public org.springframework.http.ResponseEntity springfox.documentation.swagger2.web.Swagger2Controller.getDocumentation(java.lang.String)={[/v2/api-docs],methods=[GET]}}
2016-05-22 09:21:06.816  INFO 9572 --- [    Test worker] s.w.s.m.m.a.RequestMappingHandlerMapping : Mapped "{[/v2/api-docs],methods=[GET]}" onto public org.springframework.http.ResponseEntity<springfox.documentation.spring.web.json.Json> springfox.documentation.swagger2.web.Swagger2Controller.getDocumentation(java.lang.String)
2016-05-22 09:21:06.823 DEBUG 9572 --- [    Test worker] s.w.s.m.m.a.RequestMappingHandlerMapping : 3 request handler methods found on class springfox.documentation.swagger.web.ApiResourceController: {org.springframework.http.ResponseEntity springfox.documentation.swagger.web.ApiResourceController.securityConfiguration()={[/configuration/security]}, org.springframework.http.ResponseEntity springfox.documentation.swagger.web.ApiResourceController.swaggerResources()={[/swagger-resources]}, org.springframework.http.ResponseEntity springfox.documentation.swagger.web.ApiResourceController.uiConfiguration()={[/configuration/ui]}}
2016-05-22 09:21:06.824  INFO 9572 --- [    Test worker] s.w.s.m.m.a.RequestMappingHandlerMapping : Mapped "{[/configuration/security]}" onto org.springframework.http.ResponseEntity<springfox.documentation.swagger.web.SecurityConfiguration> springfox.documentation.swagger.web.ApiResourceController.securityConfiguration()
2016-05-22 09:21:06.825  INFO 9572 --- [    Test worker] s.w.s.m.m.a.RequestMappingHandlerMapping : Mapped "{[/swagger-resources]}" onto org.springframework.http.ResponseEntity<java.util.List<springfox.documentation.swagger.web.SwaggerResource>> springfox.documentation.swagger.web.ApiResourceController.swaggerResources()
2016-05-22 09:21:06.826  INFO 9572 --- [    Test worker] s.w.s.m.m.a.RequestMappingHandlerMapping : Mapped "{[/configuration/ui]}" onto org.springframework.http.ResponseEntity<springfox.documentation.swagger.web.UiConfiguration> springfox.documentation.swagger.web.ApiResourceController.uiConfiguration()
2016-05-22 09:21:06.830 DEBUG 9572 --- [    Test worker] s.w.s.m.m.a.RequestMappingHandlerMapping : 2 request handler methods found on class org.springframework.boot.autoconfigure.web.BasicErrorController: {public org.springframework.http.ResponseEntity org.springframework.boot.autoconfigure.web.BasicErrorController.error(javax.servlet.http.HttpServletRequest)={[/error]}, public org.springframework.web.servlet.ModelAndView org.springframework.boot.autoconfigure.web.BasicErrorController.errorHtml(javax.servlet.http.HttpServletRequest,javax.servlet.http.HttpServletResponse)={[/error],produces=[text/html]}}
2016-05-22 09:21:06.831  INFO 9572 --- [    Test worker] s.w.s.m.m.a.RequestMappingHandlerMapping : Mapped "{[/error]}" onto public org.springframework.http.ResponseEntity<java.util.Map<java.lang.String, java.lang.Object>> org.springframework.boot.autoconfigure.web.BasicErrorController.error(javax.servlet.http.HttpServletRequest)
2016-05-22 09:21:06.832  INFO 9572 --- [    Test worker] s.w.s.m.m.a.RequestMappingHandlerMapping : Mapped "{[/error],produces=[text/html]}" onto public org.springframework.web.servlet.ModelAndView org.springframework.boot.autoconfigure.web.BasicErrorController.errorHtml(javax.servlet.http.HttpServletRequest,javax.servlet.http.HttpServletResponse)
2016-05-22 09:21:06.847 DEBUG 9572 --- [    Test worker] s.w.s.m.m.a.RequestMappingHandlerMapping : 8 request handler methods found on class org.springframework.social.connect.web.ConnectController: {public org.springframework.web.servlet.view.RedirectView org.springframework.social.connect.web.ConnectController.connect(java.lang.String,org.springframework.web.context.request.NativeWebRequest)={[/connect/{providerId}],methods=[POST]}, public java.lang.String org.springframework.social.connect.web.ConnectController.connectionStatus(java.lang.String,org.springframework.web.context.request.NativeWebRequest,org.springframework.ui.Model)={[/connect/{providerId}],methods=[GET]}, public java.lang.String org.springframework.social.connect.web.ConnectController.connectionStatus(org.springframework.web.context.request.NativeWebRequest,org.springframework.ui.Model)={[/connect],methods=[GET]}, public org.springframework.web.servlet.view.RedirectView org.springframework.social.connect.web.ConnectController.oauth1Callback(java.lang.String,org.springframework.web.context.request.NativeWebRequest)={[/connect/{providerId}],methods=[GET],params=[oauth_token]}, public org.springframework.web.servlet.view.RedirectView org.springframework.social.connect.web.ConnectController.oauth2Callback(java.lang.String,org.springframework.web.context.request.NativeWebRequest)={[/connect/{providerId}],methods=[GET],params=[code]}, public org.springframework.web.servlet.view.RedirectView org.springframework.social.connect.web.ConnectController.removeConnection(java.lang.String,java.lang.String,org.springframework.web.context.request.NativeWebRequest)={[/connect/{providerId}/{providerUserId}],methods=[DELETE]}, public org.springframework.web.servlet.view.RedirectView org.springframework.social.connect.web.ConnectController.oauth2ErrorCallback(java.lang.String,java.lang.String,java.lang.String,java.lang.String,org.springframework.web.context.request.NativeWebRequest)={[/connect/{providerId}],methods=[GET],params=[error]}, public org.springframework.web.servlet.view.RedirectView org.springframework.social.connect.web.ConnectController.removeConnections(java.lang.String,org.springframework.web.context.request.NativeWebRequest)={[/connect/{providerId}],methods=[DELETE]}}
2016-05-22 09:21:06.848  INFO 9572 --- [    Test worker] s.w.s.m.m.a.RequestMappingHandlerMapping : Mapped "{[/connect/{providerId}],methods=[POST]}" onto public org.springframework.web.servlet.view.RedirectView org.springframework.social.connect.web.ConnectController.connect(java.lang.String,org.springframework.web.context.request.NativeWebRequest)
2016-05-22 09:21:06.849  INFO 9572 --- [    Test worker] s.w.s.m.m.a.RequestMappingHandlerMapping : Mapped "{[/connect/{providerId}],methods=[GET]}" onto public java.lang.String org.springframework.social.connect.web.ConnectController.connectionStatus(java.lang.String,org.springframework.web.context.request.NativeWebRequest,org.springframework.ui.Model)
2016-05-22 09:21:06.850  INFO 9572 --- [    Test worker] s.w.s.m.m.a.RequestMappingHandlerMapping : Mapped "{[/connect],methods=[GET]}" onto public java.lang.String org.springframework.social.connect.web.ConnectController.connectionStatus(org.springframework.web.context.request.NativeWebRequest,org.springframework.ui.Model)
2016-05-22 09:21:06.850  INFO 9572 --- [    Test worker] s.w.s.m.m.a.RequestMappingHandlerMapping : Mapped "{[/connect/{providerId}],methods=[GET],params=[oauth_token]}" onto public org.springframework.web.servlet.view.RedirectView org.springframework.social.connect.web.ConnectController.oauth1Callback(java.lang.String,org.springframework.web.context.request.NativeWebRequest)
2016-05-22 09:21:06.851  INFO 9572 --- [    Test worker] s.w.s.m.m.a.RequestMappingHandlerMapping : Mapped "{[/connect/{providerId}],methods=[GET],params=[code]}" onto public org.springframework.web.servlet.view.RedirectView org.springframework.social.connect.web.ConnectController.oauth2Callback(java.lang.String,org.springframework.web.context.request.NativeWebRequest)
2016-05-22 09:21:06.852  INFO 9572 --- [    Test worker] s.w.s.m.m.a.RequestMappingHandlerMapping : Mapped "{[/connect/{providerId}/{providerUserId}],methods=[DELETE]}" onto public org.springframework.web.servlet.view.RedirectView org.springframework.social.connect.web.ConnectController.removeConnection(java.lang.String,java.lang.String,org.springframework.web.context.request.NativeWebRequest)
2016-05-22 09:21:06.852  INFO 9572 --- [    Test worker] s.w.s.m.m.a.RequestMappingHandlerMapping : Mapped "{[/connect/{providerId}],methods=[GET],params=[error]}" onto public org.springframework.web.servlet.view.RedirectView org.springframework.social.connect.web.ConnectController.oauth2ErrorCallback(java.lang.String,java.lang.String,java.lang.String,java.lang.String,org.springframework.web.context.request.NativeWebRequest)
2016-05-22 09:21:06.853  INFO 9572 --- [    Test worker] s.w.s.m.m.a.RequestMappingHandlerMapping : Mapped "{[/connect/{providerId}],methods=[DELETE]}" onto public org.springframework.web.servlet.view.RedirectView org.springframework.social.connect.web.ConnectController.removeConnections(java.lang.String,org.springframework.web.context.request.NativeWebRequest)
2016-05-22 09:21:06.857 DEBUG 9572 --- [    Test worker] s.w.s.m.m.a.RequestMappingHandlerMapping : 5 request handler methods found on class org.springframework.social.connect.web.ProviderSignInController: {public org.springframework.web.servlet.view.RedirectView org.springframework.social.connect.web.ProviderSignInController.canceledAuthorizationCallback()={[/signin/{providerId}],methods=[GET]}, public org.springframework.web.servlet.view.RedirectView org.springframework.social.connect.web.ProviderSignInController.signIn(java.lang.String,org.springframework.web.context.request.NativeWebRequest)={[/signin/{providerId}],methods=[POST]}, public org.springframework.web.servlet.view.RedirectView org.springframework.social.connect.web.ProviderSignInController.oauth1Callback(java.lang.String,org.springframework.web.context.request.NativeWebRequest)={[/signin/{providerId}],methods=[GET],params=[oauth_token]}, public org.springframework.web.servlet.view.RedirectView org.springframework.social.connect.web.ProviderSignInController.oauth2Callback(java.lang.String,java.lang.String,org.springframework.web.context.request.NativeWebRequest)={[/signin/{providerId}],methods=[GET],params=[code]}, public org.springframework.web.servlet.view.RedirectView org.springframework.social.connect.web.ProviderSignInController.oauth2ErrorCallback(java.lang.String,java.lang.String,java.lang.String,java.lang.String,org.springframework.web.context.request.NativeWebRequest)={[/signin/{providerId}],methods=[GET],params=[error]}}
2016-05-22 09:21:06.858  INFO 9572 --- [    Test worker] s.w.s.m.m.a.RequestMappingHandlerMapping : Mapped "{[/signin/{providerId}],methods=[GET]}" onto public org.springframework.web.servlet.view.RedirectView org.springframework.social.connect.web.ProviderSignInController.canceledAuthorizationCallback()
2016-05-22 09:21:06.859  INFO 9572 --- [    Test worker] s.w.s.m.m.a.RequestMappingHandlerMapping : Mapped "{[/signin/{providerId}],methods=[POST]}" onto public org.springframework.web.servlet.view.RedirectView org.springframework.social.connect.web.ProviderSignInController.signIn(java.lang.String,org.springframework.web.context.request.NativeWebRequest)
2016-05-22 09:21:06.859  INFO 9572 --- [    Test worker] s.w.s.m.m.a.RequestMappingHandlerMapping : Mapped "{[/signin/{providerId}],methods=[GET],params=[oauth_token]}" onto public org.springframework.web.servlet.view.RedirectView org.springframework.social.connect.web.ProviderSignInController.oauth1Callback(java.lang.String,org.springframework.web.context.request.NativeWebRequest)
2016-05-22 09:21:06.860  INFO 9572 --- [    Test worker] s.w.s.m.m.a.RequestMappingHandlerMapping : Mapped "{[/signin/{providerId}],methods=[GET],params=[code]}" onto public org.springframework.web.servlet.view.RedirectView org.springframework.social.connect.web.ProviderSignInController.oauth2Callback(java.lang.String,java.lang.String,org.springframework.web.context.request.NativeWebRequest)
2016-05-22 09:21:06.860  INFO 9572 --- [    Test worker] s.w.s.m.m.a.RequestMappingHandlerMapping : Mapped "{[/signin/{providerId}],methods=[GET],params=[error]}" onto public org.springframework.web.servlet.view.RedirectView org.springframework.social.connect.web.ProviderSignInController.oauth2ErrorCallback(java.lang.String,java.lang.String,java.lang.String,java.lang.String,org.springframework.web.context.request.NativeWebRequest)
2016-05-22 09:21:09.184  INFO 9572 --- [    Test worker] s.w.s.m.m.a.RequestMappingHandlerAdapter : Looking for @ControllerAdvice: org.springframework.web.context.support.GenericWebApplicationContext@57e07eca: startup date [Sun May 22 09:20:55 CST 2016]; root of context hierarchy
2016-05-22 09:21:09.298 DEBUG 9572 --- [    Test worker] o.s.w.s.h.BeanNameUrlHandlerMapping      : Looking for URL mappings in application context: org.springframework.web.context.support.GenericWebApplicationContext@57e07eca: startup date [Sun May 22 09:20:55 CST 2016]; root of context hierarchy
2016-05-22 09:21:09.298 DEBUG 9572 --- [    Test worker] o.s.w.s.h.BeanNameUrlHandlerMapping      : Rejected bean name 'org.springframework.context.annotation.internalConfigurationAnnotationProcessor': no URL paths identified
2016-05-22 09:21:09.298 DEBUG 9572 --- [    Test worker] o.s.w.s.h.BeanNameUrlHandlerMapping      : Rejected bean name 'org.springframework.context.annotation.internalAutowiredAnnotationProcessor': no URL paths identified
2016-05-22 09:21:09.299 DEBUG 9572 --- [    Test worker] o.s.w.s.h.BeanNameUrlHandlerMapping      : Rejected bean name 'org.springframework.context.annotation.internalRequiredAnnotationProcessor': no URL paths identified
2016-05-22 09:21:09.299 DEBUG 9572 --- [    Test worker] o.s.w.s.h.BeanNameUrlHandlerMapping      : Rejected bean name 'org.springframework.context.annotation.internalCommonAnnotationProcessor': no URL paths identified
2016-05-22 09:21:09.299 DEBUG 9572 --- [    Test worker] o.s.w.s.h.BeanNameUrlHandlerMapping      : Rejected bean name 'org.springframework.context.event.internalEventListenerProcessor': no URL paths identified
2016-05-22 09:21:09.299 DEBUG 9572 --- [    Test worker] o.s.w.s.h.BeanNameUrlHandlerMapping      : Rejected bean name 'org.springframework.context.event.internalEventListenerFactory': no URL paths identified
2016-05-22 09:21:09.299 DEBUG 9572 --- [    Test worker] o.s.w.s.h.BeanNameUrlHandlerMapping      : Rejected bean name 'masterSpringMvc6Application': no URL paths identified
2016-05-22 09:21:09.299 DEBUG 9572 --- [    Test worker] o.s.w.s.h.BeanNameUrlHandlerMapping      : Rejected bean name 'org.springframework.context.annotation.ConfigurationClassPostProcessor.importAwareProcessor': no URL paths identified
2016-05-22 09:21:09.299 DEBUG 9572 --- [    Test worker] o.s.w.s.h.BeanNameUrlHandlerMapping      : Rejected bean name 'org.springframework.context.annotation.ConfigurationClassPostProcessor.enhancedConfigurationProcessor': no URL paths identified
2016-05-22 09:21:09.299 DEBUG 9572 --- [    Test worker] o.s.w.s.h.BeanNameUrlHandlerMapping      : Rejected bean name 'searchApiController': no URL paths identified
2016-05-22 09:21:09.300 DEBUG 9572 --- [    Test worker] o.s.w.s.h.BeanNameUrlHandlerMapping      : Rejected bean name 'authenticatingSignInAdapter': no URL paths identified
2016-05-22 09:21:09.300 DEBUG 9572 --- [    Test worker] o.s.w.s.h.BeanNameUrlHandlerMapping      : Rejected bean name 'loginController': no URL paths identified
2016-05-22 09:21:09.300 DEBUG 9572 --- [    Test worker] o.s.w.s.h.BeanNameUrlHandlerMapping      : Rejected bean name 'signupController': no URL paths identified
2016-05-22 09:21:09.300 DEBUG 9572 --- [    Test worker] o.s.w.s.h.BeanNameUrlHandlerMapping      : Rejected bean name 'apiSecurityConfiguration': no URL paths identified
2016-05-22 09:21:09.300 DEBUG 9572 --- [    Test worker] o.s.w.s.h.BeanNameUrlHandlerMapping      : Rejected bean name 'webConfiguration': no URL paths identified
2016-05-22 09:21:09.300 DEBUG 9572 --- [    Test worker] o.s.w.s.h.BeanNameUrlHandlerMapping      : Rejected bean name 'webSecurityConfiguration': no URL paths identified
2016-05-22 09:21:09.301 DEBUG 9572 --- [    Test worker] o.s.w.s.h.BeanNameUrlHandlerMapping      : Rejected bean name 'homeController': no URL paths identified
2016-05-22 09:21:09.301 DEBUG 9572 --- [    Test worker] o.s.w.s.h.BeanNameUrlHandlerMapping      : Rejected bean name 'entityNotFoundMapper': no URL paths identified
2016-05-22 09:21:09.301 DEBUG 9572 --- [    Test worker] o.s.w.s.h.BeanNameUrlHandlerMapping      : Rejected bean name 'pictureUploadController': no URL paths identified
2016-05-22 09:21:09.301 DEBUG 9572 --- [    Test worker] o.s.w.s.h.BeanNameUrlHandlerMapping      : Rejected bean name 'profileController': no URL paths identified
2016-05-22 09:21:09.301 DEBUG 9572 --- [    Test worker] o.s.w.s.h.BeanNameUrlHandlerMapping      : Rejected bean name 'scopedTarget.userProfileSession': no URL paths identified
2016-05-22 09:21:09.301 DEBUG 9572 --- [    Test worker] o.s.w.s.h.BeanNameUrlHandlerMapping      : Rejected bean name 'userProfileSession': no URL paths identified
2016-05-22 09:21:09.310 DEBUG 9572 --- [    Test worker] o.s.w.s.h.BeanNameUrlHandlerMapping      : Rejected bean name 'searchController': no URL paths identified
2016-05-22 09:21:09.311 DEBUG 9572 --- [    Test worker] o.s.w.s.h.BeanNameUrlHandlerMapping      : Rejected bean name 'searchService': no URL paths identified
2016-05-22 09:21:09.311 DEBUG 9572 --- [    Test worker] o.s.w.s.h.BeanNameUrlHandlerMapping      : Rejected bean name 'userApiController': no URL paths identified
2016-05-22 09:21:09.311 DEBUG 9572 --- [    Test worker] o.s.w.s.h.BeanNameUrlHandlerMapping      : Rejected bean name 'userRepository': no URL paths identified
2016-05-22 09:21:09.311 DEBUG 9572 --- [    Test worker] o.s.w.s.h.BeanNameUrlHandlerMapping      : Rejected bean name 'swagger2ParameterNameReader': no URL paths identified
2016-05-22 09:21:09.311 DEBUG 9572 --- [    Test worker] o.s.w.s.h.BeanNameUrlHandlerMapping      : Rejected bean name 'swagger2Controller': no URL paths identified
2016-05-22 09:21:09.311 DEBUG 9572 --- [    Test worker] o.s.w.s.h.BeanNameUrlHandlerMapping      : Rejected bean name 'licenseMapperImpl': no URL paths identified
2016-05-22 09:21:09.311 DEBUG 9572 --- [    Test worker] o.s.w.s.h.BeanNameUrlHandlerMapping      : Rejected bean name 'modelMapperImpl': no URL paths identified
2016-05-22 09:21:09.312 DEBUG 9572 --- [    Test worker] o.s.w.s.h.BeanNameUrlHandlerMapping      : Rejected bean name 'parameterMapperImpl': no URL paths identified
2016-05-22 09:21:09.312 DEBUG 9572 --- [    Test worker] o.s.w.s.h.BeanNameUrlHandlerMapping      : Rejected bean name 'securityMapperImpl': no URL paths identified
2016-05-22 09:21:09.312 DEBUG 9572 --- [    Test worker] o.s.w.s.h.BeanNameUrlHandlerMapping      : Rejected bean name 'serviceModelToSwagger2MapperImpl': no URL paths identified
2016-05-22 09:21:09.312 DEBUG 9572 --- [    Test worker] o.s.w.s.h.BeanNameUrlHandlerMapping      : Rejected bean name 'vendorExtensionsMapperImpl': no URL paths identified
2016-05-22 09:21:09.312 DEBUG 9572 --- [    Test worker] o.s.w.s.h.BeanNameUrlHandlerMapping      : Rejected bean name 'apiDescriptionReader': no URL paths identified
2016-05-22 09:21:09.312 DEBUG 9572 --- [    Test worker] o.s.w.s.h.BeanNameUrlHandlerMapping      : Rejected bean name 'apiDocumentationScanner': no URL paths identified
2016-05-22 09:21:09.312 DEBUG 9572 --- [    Test worker] o.s.w.s.h.BeanNameUrlHandlerMapping      : Rejected bean name 'apiListingReferenceScanner': no URL paths identified
2016-05-22 09:21:09.312 DEBUG 9572 --- [    Test worker] o.s.w.s.h.BeanNameUrlHandlerMapping      : Rejected bean name 'apiListingScanner': no URL paths identified
2016-05-22 09:21:09.312 DEBUG 9572 --- [    Test worker] o.s.w.s.h.BeanNameUrlHandlerMapping      : Rejected bean name 'apiModelReader': no URL paths identified
2016-05-22 09:21:09.312 DEBUG 9572 --- [    Test worker] o.s.w.s.h.BeanNameUrlHandlerMapping      : Rejected bean name 'mediaTypeReader': no URL paths identified
2016-05-22 09:21:09.313 DEBUG 9572 --- [    Test worker] o.s.w.s.h.BeanNameUrlHandlerMapping      : Rejected bean name 'apiOperationReader': no URL paths identified
2016-05-22 09:21:09.313 DEBUG 9572 --- [    Test worker] o.s.w.s.h.BeanNameUrlHandlerMapping      : Rejected bean name 'cachingOperationNameGenerator': no URL paths identified
2016-05-22 09:21:09.313 DEBUG 9572 --- [    Test worker] o.s.w.s.h.BeanNameUrlHandlerMapping      : Rejected bean name 'defaultOperationReader': no URL paths identified
2016-05-22 09:21:09.313 DEBUG 9572 --- [    Test worker] o.s.w.s.h.BeanNameUrlHandlerMapping      : Rejected bean name 'operationDeprecatedReader': no URL paths identified
2016-05-22 09:21:09.313 DEBUG 9572 --- [    Test worker] o.s.w.s.h.BeanNameUrlHandlerMapping      : Rejected bean name 'operationModelsProvider': no URL paths identified
2016-05-22 09:21:09.320 DEBUG 9572 --- [    Test worker] o.s.w.s.h.BeanNameUrlHandlerMapping      : Rejected bean name 'operationParameterReader': no URL paths identified
2016-05-22 09:21:09.320 DEBUG 9572 --- [    Test worker] o.s.w.s.h.BeanNameUrlHandlerMapping      : Rejected bean name 'operationParameterRequestConditionReader': no URL paths identified
2016-05-22 09:21:09.320 DEBUG 9572 --- [    Test worker] o.s.w.s.h.BeanNameUrlHandlerMapping      : Rejected bean name 'operationResponseClassReader': no URL paths identified
2016-05-22 09:21:09.320 DEBUG 9572 --- [    Test worker] o.s.w.s.h.BeanNameUrlHandlerMapping      : Rejected bean name 'operationTagsReader': no URL paths identified
2016-05-22 09:21:09.320 DEBUG 9572 --- [    Test worker] o.s.w.s.h.BeanNameUrlHandlerMapping      : Rejected bean name 'responseMessagesReader': no URL paths identified
2016-05-22 09:21:09.320 DEBUG 9572 --- [    Test worker] o.s.w.s.h.BeanNameUrlHandlerMapping      : Rejected bean name 'expandedParameterBuilder': no URL paths identified
2016-05-22 09:21:09.320 DEBUG 9572 --- [    Test worker] o.s.w.s.h.BeanNameUrlHandlerMapping      : Rejected bean name 'modelAttributeParameterExpander': no URL paths identified
2016-05-22 09:21:09.320 DEBUG 9572 --- [    Test worker] o.s.w.s.h.BeanNameUrlHandlerMapping      : Rejected bean name 'parameterDataTypeReader': no URL paths identified
2016-05-22 09:21:09.321 DEBUG 9572 --- [    Test worker] o.s.w.s.h.BeanNameUrlHandlerMapping      : Rejected bean name 'parameterDefaultReader': no URL paths identified
2016-05-22 09:21:09.321 DEBUG 9572 --- [    Test worker] o.s.w.s.h.BeanNameUrlHandlerMapping      : Rejected bean name 'parameterMultiplesReader': no URL paths identified
2016-05-22 09:21:09.321 DEBUG 9572 --- [    Test worker] o.s.w.s.h.BeanNameUrlHandlerMapping      : Rejected bean name 'parameterNameReader': no URL paths identified
2016-05-22 09:21:09.321 DEBUG 9572 --- [    Test worker] o.s.w.s.h.BeanNameUrlHandlerMapping      : Rejected bean name 'parameterRequiredReader': no URL paths identified
2016-05-22 09:21:09.321 DEBUG 9572 --- [    Test worker] o.s.w.s.h.BeanNameUrlHandlerMapping      : Rejected bean name 'parameterTypeReader': no URL paths identified
2016-05-22 09:21:09.321 DEBUG 9572 --- [    Test worker] o.s.w.s.h.BeanNameUrlHandlerMapping      : Rejected bean name 'documentationPluginsBootstrapper': no URL paths identified
2016-05-22 09:21:09.321 DEBUG 9572 --- [    Test worker] o.s.w.s.h.BeanNameUrlHandlerMapping      : Rejected bean name 'documentationPluginsManager': no URL paths identified
2016-05-22 09:21:09.321 DEBUG 9572 --- [    Test worker] o.s.w.s.h.BeanNameUrlHandlerMapping      : Rejected bean name 'webMvcRequestHandlerProvider': no URL paths identified
2016-05-22 09:21:09.321 DEBUG 9572 --- [    Test worker] o.s.w.s.h.BeanNameUrlHandlerMapping      : Rejected bean name 'operationPathDecorator': no URL paths identified
2016-05-22 09:21:09.322 DEBUG 9572 --- [    Test worker] o.s.w.s.h.BeanNameUrlHandlerMapping      : Rejected bean name 'pathMappingDecorator': no URL paths identified
2016-05-22 09:21:09.324 DEBUG 9572 --- [    Test worker] o.s.w.s.h.BeanNameUrlHandlerMapping      : Rejected bean name 'pathSanitizer': no URL paths identified
2016-05-22 09:21:09.325 DEBUG 9572 --- [    Test worker] o.s.w.s.h.BeanNameUrlHandlerMapping      : Rejected bean name 'queryStringUriTemplateDecorator': no URL paths identified
2016-05-22 09:21:09.326 DEBUG 9572 --- [    Test worker] o.s.w.s.h.BeanNameUrlHandlerMapping      : Rejected bean name 'cachingAspect': no URL paths identified
2016-05-22 09:21:09.326 DEBUG 9572 --- [    Test worker] o.s.w.s.h.BeanNameUrlHandlerMapping      : Rejected bean name 'defaultModelProvider': no URL paths identified
2016-05-22 09:21:09.326 DEBUG 9572 --- [    Test worker] o.s.w.s.h.BeanNameUrlHandlerMapping      : Rejected bean name 'modelDependencyProvider': no URL paths identified
2016-05-22 09:21:09.326 DEBUG 9572 --- [    Test worker] o.s.w.s.h.BeanNameUrlHandlerMapping      : Rejected bean name 'typeNameExtractor': no URL paths identified
2016-05-22 09:21:09.327 DEBUG 9572 --- [    Test worker] o.s.w.s.h.BeanNameUrlHandlerMapping      : Rejected bean name 'schemaPluginsManager': no URL paths identified
2016-05-22 09:21:09.327 DEBUG 9572 --- [    Test worker] o.s.w.s.h.BeanNameUrlHandlerMapping      : Rejected bean name 'default': no URL paths identified
2016-05-22 09:21:09.328 DEBUG 9572 --- [    Test worker] o.s.w.s.h.BeanNameUrlHandlerMapping      : Rejected bean name 'objectMapperBeanPropertyNamingStrategy': no URL paths identified
2016-05-22 09:21:09.328 DEBUG 9572 --- [    Test worker] o.s.w.s.h.BeanNameUrlHandlerMapping      : Rejected bean name 'optimized': no URL paths identified
2016-05-22 09:21:09.328 DEBUG 9572 --- [    Test worker] o.s.w.s.h.BeanNameUrlHandlerMapping      : Rejected bean name 'accessorsProvider': no URL paths identified
2016-05-22 09:21:09.328 DEBUG 9572 --- [    Test worker] o.s.w.s.h.BeanNameUrlHandlerMapping      : Rejected bean name 'beanModelPropertyProvider': no URL paths identified
2016-05-22 09:21:09.328 DEBUG 9572 --- [    Test worker] o.s.w.s.h.BeanNameUrlHandlerMapping      : Rejected bean name 'constructorModelPropertyProvider': no URL paths identified
2016-05-22 09:21:09.328 DEBUG 9572 --- [    Test worker] o.s.w.s.h.BeanNameUrlHandlerMapping      : Rejected bean name 'fieldModelPropertyProvider': no URL paths identified
2016-05-22 09:21:09.328 DEBUG 9572 --- [    Test worker] o.s.w.s.h.BeanNameUrlHandlerMapping      : Rejected bean name 'fieldProvider': no URL paths identified
2016-05-22 09:21:09.328 DEBUG 9572 --- [    Test worker] o.s.w.s.h.BeanNameUrlHandlerMapping      : Rejected bean name 'apiModelBuilder': no URL paths identified
2016-05-22 09:21:09.328 DEBUG 9572 --- [    Test worker] o.s.w.s.h.BeanNameUrlHandlerMapping      : Rejected bean name 'apiModelPropertyPropertyBuilder': no URL paths identified
2016-05-22 09:21:09.328 DEBUG 9572 --- [    Test worker] o.s.w.s.h.BeanNameUrlHandlerMapping      : Rejected bean name 'apiModelTypeNameProvider': no URL paths identified
2016-05-22 09:21:09.329 DEBUG 9572 --- [    Test worker] o.s.w.s.h.BeanNameUrlHandlerMapping      : Rejected bean name 'operationAuthReader': no URL paths identified
2016-05-22 09:21:09.329 DEBUG 9572 --- [    Test worker] o.s.w.s.h.BeanNameUrlHandlerMapping      : Rejected bean name 'operationHiddenReader': no URL paths identified
2016-05-22 09:21:09.329 DEBUG 9572 --- [    Test worker] o.s.w.s.h.BeanNameUrlHandlerMapping      : Rejected bean name 'operationHttpMethodReader': no URL paths identified
2016-05-22 09:21:09.329 DEBUG 9572 --- [    Test worker] o.s.w.s.h.BeanNameUrlHandlerMapping      : Rejected bean name 'operationImplicitParameterReader': no URL paths identified
2016-05-22 09:21:09.329 DEBUG 9572 --- [    Test worker] o.s.w.s.h.BeanNameUrlHandlerMapping      : Rejected bean name 'operationImplicitParametersReader': no URL paths identified
2016-05-22 09:21:09.329 DEBUG 9572 --- [    Test worker] o.s.w.s.h.BeanNameUrlHandlerMapping      : Rejected bean name 'operationNicknameIntoUniqueIdReader': no URL paths identified
2016-05-22 09:21:09.329 DEBUG 9572 --- [    Test worker] o.s.w.s.h.BeanNameUrlHandlerMapping      : Rejected bean name 'operationNotesReader': no URL paths identified
2016-05-22 09:21:09.329 DEBUG 9572 --- [    Test worker] o.s.w.s.h.BeanNameUrlHandlerMapping      : Rejected bean name 'operationPositionReader': no URL paths identified
2016-05-22 09:21:09.329 DEBUG 9572 --- [    Test worker] o.s.w.s.h.BeanNameUrlHandlerMapping      : Rejected bean name 'operationSummaryReader': no URL paths identified
2016-05-22 09:21:09.329 DEBUG 9572 --- [    Test worker] o.s.w.s.h.BeanNameUrlHandlerMapping      : Rejected bean name 'swaggerMediaTypeReader': no URL paths identified
2016-05-22 09:21:09.329 DEBUG 9572 --- [    Test worker] o.s.w.s.h.BeanNameUrlHandlerMapping      : Rejected bean name 'swaggerOperationModelsProvider': no URL paths identified
2016-05-22 09:21:09.329 DEBUG 9572 --- [    Test worker] o.s.w.s.h.BeanNameUrlHandlerMapping      : Rejected bean name 'swaggerOperationResponseClassReader': no URL paths identified
2016-05-22 09:21:09.330 DEBUG 9572 --- [    Test worker] o.s.w.s.h.BeanNameUrlHandlerMapping      : Rejected bean name 'swaggerResponseMessageReader': no URL paths identified
2016-05-22 09:21:09.330 DEBUG 9572 --- [    Test worker] o.s.w.s.h.BeanNameUrlHandlerMapping      : Rejected bean name 'vendorExtensionsReader': no URL paths identified
2016-05-22 09:21:09.330 DEBUG 9572 --- [    Test worker] o.s.w.s.h.BeanNameUrlHandlerMapping      : Rejected bean name 'swaggerParameterAccessReader': no URL paths identified
2016-05-22 09:21:09.330 DEBUG 9572 --- [    Test worker] o.s.w.s.h.BeanNameUrlHandlerMapping      : Rejected bean name 'swaggerParameterAllowableReader': no URL paths identified
2016-05-22 09:21:09.330 DEBUG 9572 --- [    Test worker] o.s.w.s.h.BeanNameUrlHandlerMapping      : Rejected bean name 'swaggerParameterDefaultReader': no URL paths identified
2016-05-22 09:21:09.330 DEBUG 9572 --- [    Test worker] o.s.w.s.h.BeanNameUrlHandlerMapping      : Rejected bean name 'swaggerParameterDescriptionReader': no URL paths identified
2016-05-22 09:21:09.330 DEBUG 9572 --- [    Test worker] o.s.w.s.h.BeanNameUrlHandlerMapping      : Rejected bean name 'swaggerParameterMultiplesReader': no URL paths identified
2016-05-22 09:21:09.330 DEBUG 9572 --- [    Test worker] o.s.w.s.h.BeanNameUrlHandlerMapping      : Rejected bean name 'swaggerParameterRequiredReader': no URL paths identified
2016-05-22 09:21:09.330 DEBUG 9572 --- [    Test worker] o.s.w.s.h.BeanNameUrlHandlerMapping      : Rejected bean name 'swaggerExpandedParameterBuilder': no URL paths identified
2016-05-22 09:21:09.330 DEBUG 9572 --- [    Test worker] o.s.w.s.h.BeanNameUrlHandlerMapping      : Rejected bean name 'apiResourceController': no URL paths identified
2016-05-22 09:21:09.330 DEBUG 9572 --- [    Test worker] o.s.w.s.h.BeanNameUrlHandlerMapping      : Rejected bean name 'classOrApiAnnotationResourceGrouping': no URL paths identified
2016-05-22 09:21:09.331 DEBUG 9572 --- [    Test worker] o.s.w.s.h.BeanNameUrlHandlerMapping      : Rejected bean name 'springfox.documentation.schema.configuration.ModelsConfiguration': no URL paths identified
2016-05-22 09:21:09.331 DEBUG 9572 --- [    Test worker] o.s.w.s.h.BeanNameUrlHandlerMapping      : Rejected bean name 'typeResolver': no URL paths identified
2016-05-22 09:21:09.331 DEBUG 9572 --- [    Test worker] o.s.w.s.h.BeanNameUrlHandlerMapping      : Rejected bean name 'modelBuilderPluginRegistry': no URL paths identified
2016-05-22 09:21:09.331 DEBUG 9572 --- [    Test worker] o.s.w.s.h.BeanNameUrlHandlerMapping      : Rejected bean name 'modelPropertyBuilderPluginRegistry': no URL paths identified
2016-05-22 09:21:09.331 DEBUG 9572 --- [    Test worker] o.s.w.s.h.BeanNameUrlHandlerMapping      : Rejected bean name 'typeNameProviderPluginRegistry': no URL paths identified
2016-05-22 09:21:09.331 DEBUG 9572 --- [    Test worker] o.s.w.s.h.BeanNameUrlHandlerMapping      : Rejected bean name 'springfox.documentation.spring.web.SpringfoxWebMvcConfiguration': no URL paths identified
2016-05-22 09:21:09.331 DEBUG 9572 --- [    Test worker] o.s.w.s.h.BeanNameUrlHandlerMapping      : Rejected bean name 'defaults': no URL paths identified
2016-05-22 09:21:09.331 DEBUG 9572 --- [    Test worker] o.s.w.s.h.BeanNameUrlHandlerMapping      : Rejected bean name 'resourceGroupCache': no URL paths identified
2016-05-22 09:21:09.331 DEBUG 9572 --- [    Test worker] o.s.w.s.h.BeanNameUrlHandlerMapping      : Rejected bean name 'objectMapperConfigurer': no URL paths identified
2016-05-22 09:21:09.331 DEBUG 9572 --- [    Test worker] o.s.w.s.h.BeanNameUrlHandlerMapping      : Rejected bean name 'jsonSerializer': no URL paths identified
2016-05-22 09:21:09.331 DEBUG 9572 --- [    Test worker] o.s.w.s.h.BeanNameUrlHandlerMapping      : Rejected bean name 'documentationPluginRegistry': no URL paths identified
2016-05-22 09:21:09.331 DEBUG 9572 --- [    Test worker] o.s.w.s.h.BeanNameUrlHandlerMapping      : Rejected bean name 'apiListingBuilderPluginRegistry': no URL paths identified
2016-05-22 09:21:09.332 DEBUG 9572 --- [    Test worker] o.s.w.s.h.BeanNameUrlHandlerMapping      : Rejected bean name 'operationBuilderPluginRegistry': no URL paths identified
2016-05-22 09:21:09.332 DEBUG 9572 --- [    Test worker] o.s.w.s.h.BeanNameUrlHandlerMapping      : Rejected bean name 'parameterBuilderPluginRegistry': no URL paths identified
2016-05-22 09:21:09.332 DEBUG 9572 --- [    Test worker] o.s.w.s.h.BeanNameUrlHandlerMapping      : Rejected bean name 'expandedParameterBuilderPluginRegistry': no URL paths identified
2016-05-22 09:21:09.332 DEBUG 9572 --- [    Test worker] o.s.w.s.h.BeanNameUrlHandlerMapping      : Rejected bean name 'resourceGroupingStrategyRegistry': no URL paths identified
2016-05-22 09:21:09.332 DEBUG 9572 --- [    Test worker] o.s.w.s.h.BeanNameUrlHandlerMapping      : Rejected bean name 'operationModelsProviderPluginRegistry': no URL paths identified
2016-05-22 09:21:09.332 DEBUG 9572 --- [    Test worker] o.s.w.s.h.BeanNameUrlHandlerMapping      : Rejected bean name 'defaultsProviderPluginRegistry': no URL paths identified
2016-05-22 09:21:09.332 DEBUG 9572 --- [    Test worker] o.s.w.s.h.BeanNameUrlHandlerMapping      : Rejected bean name 'pathDecoratorRegistry': no URL paths identified
2016-05-22 09:21:09.332 DEBUG 9572 --- [    Test worker] o.s.w.s.h.BeanNameUrlHandlerMapping      : Rejected bean name 'org.springframework.aop.config.internalAutoProxyCreator': no URL paths identified
2016-05-22 09:21:09.332 DEBUG 9572 --- [    Test worker] o.s.w.s.h.BeanNameUrlHandlerMapping      : Rejected bean name 'springfox.documentation.swagger.configuration.SwaggerCommonConfiguration': no URL paths identified
2016-05-22 09:21:09.332 DEBUG 9572 --- [    Test worker] o.s.w.s.h.BeanNameUrlHandlerMapping      : Rejected bean name 'swaggerProperties': no URL paths identified
2016-05-22 09:21:09.332 DEBUG 9572 --- [    Test worker] o.s.w.s.h.BeanNameUrlHandlerMapping      : Rejected bean name 'springfox.documentation.swagger2.configuration.Swagger2DocumentationConfiguration': no URL paths identified
2016-05-22 09:21:09.333 DEBUG 9572 --- [    Test worker] o.s.w.s.h.BeanNameUrlHandlerMapping      : Rejected bean name 'swagger2Module': no URL paths identified
2016-05-22 09:21:09.333 DEBUG 9572 --- [    Test worker] o.s.w.s.h.BeanNameUrlHandlerMapping      : Rejected bean name 'localeResolver': no URL paths identified
2016-05-22 09:21:09.333 DEBUG 9572 --- [    Test worker] o.s.w.s.h.BeanNameUrlHandlerMapping      : Rejected bean name 'localeChangeInterceptor': no URL paths identified
2016-05-22 09:21:09.333 DEBUG 9572 --- [    Test worker] o.s.w.s.h.BeanNameUrlHandlerMapping      : Rejected bean name 'containerCustomizer': no URL paths identified
2016-05-22 09:21:09.333 DEBUG 9572 --- [    Test worker] o.s.w.s.h.BeanNameUrlHandlerMapping      : Rejected bean name 'userApi': no URL paths identified
2016-05-22 09:21:09.333 DEBUG 9572 --- [    Test worker] o.s.w.s.h.BeanNameUrlHandlerMapping      : Rejected bean name 'objectMapper': no URL paths identified
2016-05-22 09:21:09.333 DEBUG 9572 --- [    Test worker] o.s.w.s.h.BeanNameUrlHandlerMapping      : Rejected bean name 'org.springframework.boot.autoconfigure.AutoConfigurationPackages': no URL paths identified
2016-05-22 09:21:09.333 DEBUG 9572 --- [    Test worker] o.s.w.s.h.BeanNameUrlHandlerMapping      : Rejected bean name 'upload.pictures.CONFIGURATION_PROPERTIES': no URL paths identified
2016-05-22 09:21:09.333 DEBUG 9572 --- [    Test worker] o.s.w.s.h.BeanNameUrlHandlerMapping      : Rejected bean name 'org.springframework.boot.context.properties.ConfigurationPropertiesBindingPostProcessor': no URL paths identified
2016-05-22 09:21:09.333 DEBUG 9572 --- [    Test worker] o.s.w.s.h.BeanNameUrlHandlerMapping      : Rejected bean name 'org.springframework.boot.context.properties.ConfigurationPropertiesBindingPostProcessor.store': no URL paths identified
2016-05-22 09:21:09.334 DEBUG 9572 --- [    Test worker] o.s.w.s.h.BeanNameUrlHandlerMapping      : Rejected bean name 'org.springframework.boot.autoconfigure.condition.BeanTypeRegistry': no URL paths identified
2016-05-22 09:21:09.334 DEBUG 9572 --- [    Test worker] o.s.w.s.h.BeanNameUrlHandlerMapping      : Rejected bean name 'org.springframework.boot.autoconfigure.MessageSourceAutoConfiguration': no URL paths identified
2016-05-22 09:21:09.334 DEBUG 9572 --- [    Test worker] o.s.w.s.h.BeanNameUrlHandlerMapping      : Rejected bean name 'messageSource': no URL paths identified
2016-05-22 09:21:09.334 DEBUG 9572 --- [    Test worker] o.s.w.s.h.BeanNameUrlHandlerMapping      : Rejected bean name 'org.springframework.boot.autoconfigure.PropertyPlaceholderAutoConfiguration': no URL paths identified
2016-05-22 09:21:09.334 DEBUG 9572 --- [    Test worker] o.s.w.s.h.BeanNameUrlHandlerMapping      : Rejected bean name 'org.springframework.boot.autoconfigure.websocket.WebSocketAutoConfiguration$TomcatWebSocketConfiguration': no URL paths identified
2016-05-22 09:21:09.334 DEBUG 9572 --- [    Test worker] o.s.w.s.h.BeanNameUrlHandlerMapping      : Rejected bean name 'websocketContainerCustomizer': no URL paths identified
2016-05-22 09:21:09.334 DEBUG 9572 --- [    Test worker] o.s.w.s.h.BeanNameUrlHandlerMapping      : Rejected bean name 'org.springframework.boot.autoconfigure.websocket.WebSocketAutoConfiguration': no URL paths identified
2016-05-22 09:21:09.334 DEBUG 9572 --- [    Test worker] o.s.w.s.h.BeanNameUrlHandlerMapping      : Rejected bean name 'org.springframework.boot.autoconfigure.web.EmbeddedServletContainerAutoConfiguration$EmbeddedTomcat': no URL paths identified
2016-05-22 09:21:09.334 DEBUG 9572 --- [    Test worker] o.s.w.s.h.BeanNameUrlHandlerMapping      : Rejected bean name 'tomcatEmbeddedServletContainerFactory': no URL paths identified
2016-05-22 09:21:09.334 DEBUG 9572 --- [    Test worker] o.s.w.s.h.BeanNameUrlHandlerMapping      : Rejected bean name 'org.springframework.boot.autoconfigure.web.EmbeddedServletContainerAutoConfiguration': no URL paths identified
2016-05-22 09:21:09.334 DEBUG 9572 --- [    Test worker] o.s.w.s.h.BeanNameUrlHandlerMapping      : Rejected bean name 'embeddedServletContainerCustomizerBeanPostProcessor': no URL paths identified
2016-05-22 09:21:09.334 DEBUG 9572 --- [    Test worker] o.s.w.s.h.BeanNameUrlHandlerMapping      : Rejected bean name 'org.springframework.boot.autoconfigure.web.DispatcherServletAutoConfiguration$DispatcherServletConfiguration': no URL paths identified
2016-05-22 09:21:09.335 DEBUG 9572 --- [    Test worker] o.s.w.s.h.BeanNameUrlHandlerMapping      : Rejected bean name 'dispatcherServlet': no URL paths identified
2016-05-22 09:21:09.335 DEBUG 9572 --- [    Test worker] o.s.w.s.h.BeanNameUrlHandlerMapping      : Rejected bean name 'dispatcherServletRegistration': no URL paths identified
2016-05-22 09:21:09.335 DEBUG 9572 --- [    Test worker] o.s.w.s.h.BeanNameUrlHandlerMapping      : Rejected bean name 'spring.mvc.CONFIGURATION_PROPERTIES': no URL paths identified
2016-05-22 09:21:09.335 DEBUG 9572 --- [    Test worker] o.s.w.s.h.BeanNameUrlHandlerMapping      : Rejected bean name 'org.springframework.boot.autoconfigure.web.DispatcherServletAutoConfiguration': no URL paths identified
2016-05-22 09:21:09.335 DEBUG 9572 --- [    Test worker] o.s.w.s.h.BeanNameUrlHandlerMapping      : Rejected bean name 'org.springframework.boot.autoconfigure.web.ErrorMvcAutoConfiguration': no URL paths identified
2016-05-22 09:21:09.335 DEBUG 9572 --- [    Test worker] o.s.w.s.h.BeanNameUrlHandlerMapping      : Rejected bean name 'errorAttributes': no URL paths identified
2016-05-22 09:21:09.335 DEBUG 9572 --- [    Test worker] o.s.w.s.h.BeanNameUrlHandlerMapping      : Rejected bean name 'basicErrorController': no URL paths identified
2016-05-22 09:21:09.335 DEBUG 9572 --- [    Test worker] o.s.w.s.h.BeanNameUrlHandlerMapping      : Rejected bean name 'errorPageCustomizer': no URL paths identified
2016-05-22 09:21:09.335 DEBUG 9572 --- [    Test worker] o.s.w.s.h.BeanNameUrlHandlerMapping      : Rejected bean name 'preserveErrorControllerTargetClassPostProcessor': no URL paths identified
2016-05-22 09:21:09.335 DEBUG 9572 --- [    Test worker] o.s.w.s.h.BeanNameUrlHandlerMapping      : Rejected bean name 'org.springframework.boot.autoconfigure.web.WebMvcAutoConfiguration$EnableWebMvcConfiguration': no URL paths identified
2016-05-22 09:21:09.335 DEBUG 9572 --- [    Test worker] o.s.w.s.h.BeanNameUrlHandlerMapping      : Rejected bean name 'requestMappingHandlerAdapter': no URL paths identified
2016-05-22 09:21:09.336 DEBUG 9572 --- [    Test worker] o.s.w.s.h.BeanNameUrlHandlerMapping      : Rejected bean name 'requestMappingHandlerMapping': no URL paths identified
2016-05-22 09:21:09.336 DEBUG 9572 --- [    Test worker] o.s.w.s.h.BeanNameUrlHandlerMapping      : Rejected bean name 'mvcContentNegotiationManager': no URL paths identified
2016-05-22 09:21:09.336 DEBUG 9572 --- [    Test worker] o.s.w.s.h.BeanNameUrlHandlerMapping      : Rejected bean name 'viewControllerHandlerMapping': no URL paths identified
2016-05-22 09:21:09.336 DEBUG 9572 --- [    Test worker] o.s.w.s.h.BeanNameUrlHandlerMapping      : Rejected bean name 'beanNameHandlerMapping': no URL paths identified
2016-05-22 09:21:09.336 DEBUG 9572 --- [    Test worker] o.s.w.s.h.BeanNameUrlHandlerMapping      : Rejected bean name 'resourceHandlerMapping': no URL paths identified
2016-05-22 09:21:09.336 DEBUG 9572 --- [    Test worker] o.s.w.s.h.BeanNameUrlHandlerMapping      : Rejected bean name 'mvcResourceUrlProvider': no URL paths identified
2016-05-22 09:21:09.336 DEBUG 9572 --- [    Test worker] o.s.w.s.h.BeanNameUrlHandlerMapping      : Rejected bean name 'defaultServletHandlerMapping': no URL paths identified
2016-05-22 09:21:09.336 DEBUG 9572 --- [    Test worker] o.s.w.s.h.BeanNameUrlHandlerMapping      : Rejected bean name 'mvcConversionService': no URL paths identified
2016-05-22 09:21:09.336 DEBUG 9572 --- [    Test worker] o.s.w.s.h.BeanNameUrlHandlerMapping      : Rejected bean name 'mvcValidator': no URL paths identified
2016-05-22 09:21:09.336 DEBUG 9572 --- [    Test worker] o.s.w.s.h.BeanNameUrlHandlerMapping      : Rejected bean name 'mvcPathMatcher': no URL paths identified
2016-05-22 09:21:09.336 DEBUG 9572 --- [    Test worker] o.s.w.s.h.BeanNameUrlHandlerMapping      : Rejected bean name 'mvcUrlPathHelper': no URL paths identified
2016-05-22 09:21:09.336 DEBUG 9572 --- [    Test worker] o.s.w.s.h.BeanNameUrlHandlerMapping      : Rejected bean name 'mvcUriComponentsContributor': no URL paths identified
2016-05-22 09:21:09.337 DEBUG 9572 --- [    Test worker] o.s.w.s.h.BeanNameUrlHandlerMapping      : Rejected bean name 'httpRequestHandlerAdapter': no URL paths identified
2016-05-22 09:21:09.337 DEBUG 9572 --- [    Test worker] o.s.w.s.h.BeanNameUrlHandlerMapping      : Rejected bean name 'simpleControllerHandlerAdapter': no URL paths identified
2016-05-22 09:21:09.337 DEBUG 9572 --- [    Test worker] o.s.w.s.h.BeanNameUrlHandlerMapping      : Rejected bean name 'handlerExceptionResolver': no URL paths identified
2016-05-22 09:21:09.337 DEBUG 9572 --- [    Test worker] o.s.w.s.h.BeanNameUrlHandlerMapping      : Rejected bean name 'mvcViewResolver': no URL paths identified
2016-05-22 09:21:09.337 DEBUG 9572 --- [    Test worker] o.s.w.s.h.BeanNameUrlHandlerMapping      : Rejected bean name 'org.springframework.boot.autoconfigure.web.WebMvcAutoConfiguration$WebMvcAutoConfigurationAdapter$FaviconConfiguration': no URL paths identified
2016-05-22 09:21:09.337 DEBUG 9572 --- [    Test worker] o.s.w.s.h.BeanNameUrlHandlerMapping      : Rejected bean name 'faviconHandlerMapping': no URL paths identified
2016-05-22 09:21:09.337 DEBUG 9572 --- [    Test worker] o.s.w.s.h.BeanNameUrlHandlerMapping      : Rejected bean name 'faviconRequestHandler': no URL paths identified
2016-05-22 09:21:09.337 DEBUG 9572 --- [    Test worker] o.s.w.s.h.BeanNameUrlHandlerMapping      : Rejected bean name 'org.springframework.boot.autoconfigure.web.WebMvcAutoConfiguration$WebMvcAutoConfigurationAdapter': no URL paths identified
2016-05-22 09:21:09.337 DEBUG 9572 --- [    Test worker] o.s.w.s.h.BeanNameUrlHandlerMapping      : Rejected bean name 'defaultViewResolver': no URL paths identified
2016-05-22 09:21:09.337 DEBUG 9572 --- [    Test worker] o.s.w.s.h.BeanNameUrlHandlerMapping      : Rejected bean name 'requestContextFilter': no URL paths identified
2016-05-22 09:21:09.337 DEBUG 9572 --- [    Test worker] o.s.w.s.h.BeanNameUrlHandlerMapping      : Rejected bean name 'viewResolver': no URL paths identified
2016-05-22 09:21:09.338 DEBUG 9572 --- [    Test worker] o.s.w.s.h.BeanNameUrlHandlerMapping      : Rejected bean name 'spring.resources.CONFIGURATION_PROPERTIES': no URL paths identified
2016-05-22 09:21:09.338 DEBUG 9572 --- [    Test worker] o.s.w.s.h.BeanNameUrlHandlerMapping      : Rejected bean name 'org.springframework.boot.autoconfigure.web.WebMvcAutoConfiguration': no URL paths identified
2016-05-22 09:21:09.338 DEBUG 9572 --- [    Test worker] o.s.w.s.h.BeanNameUrlHandlerMapping      : Rejected bean name 'hiddenHttpMethodFilter': no URL paths identified
2016-05-22 09:21:09.338 DEBUG 9572 --- [    Test worker] o.s.w.s.h.BeanNameUrlHandlerMapping      : Rejected bean name 'httpPutFormContentFilter': no URL paths identified
2016-05-22 09:21:09.338 DEBUG 9572 --- [    Test worker] o.s.w.s.h.BeanNameUrlHandlerMapping      : Rejected bean name 'org.springframework.boot.autoconfigure.aop.AopAutoConfiguration$JdkDynamicAutoProxyConfiguration': no URL paths identified
2016-05-22 09:21:09.338 DEBUG 9572 --- [    Test worker] o.s.w.s.h.BeanNameUrlHandlerMapping      : Rejected bean name 'org.springframework.boot.autoconfigure.aop.AopAutoConfiguration': no URL paths identified
2016-05-22 09:21:09.338 DEBUG 9572 --- [    Test worker] o.s.w.s.h.BeanNameUrlHandlerMapping      : Rejected bean name 'org.springframework.boot.autoconfigure.data.redis.RedisAutoConfiguration$RedisConfiguration': no URL paths identified
2016-05-22 09:21:09.338 DEBUG 9572 --- [    Test worker] o.s.w.s.h.BeanNameUrlHandlerMapping      : Rejected bean name 'redisTemplate': no URL paths identified
2016-05-22 09:21:09.339 DEBUG 9572 --- [    Test worker] o.s.w.s.h.BeanNameUrlHandlerMapping      : Rejected bean name 'stringRedisTemplate': no URL paths identified
2016-05-22 09:21:09.339 DEBUG 9572 --- [    Test worker] o.s.w.s.h.BeanNameUrlHandlerMapping      : Rejected bean name 'org.springframework.boot.autoconfigure.data.redis.RedisAutoConfiguration$RedisPooledConnectionConfiguration': no URL paths identified
2016-05-22 09:21:09.339 DEBUG 9572 --- [    Test worker] o.s.w.s.h.BeanNameUrlHandlerMapping      : Rejected bean name 'redisConnectionFactory': no URL paths identified
2016-05-22 09:21:09.339 DEBUG 9572 --- [    Test worker] o.s.w.s.h.BeanNameUrlHandlerMapping      : Rejected bean name 'org.springframework.boot.autoconfigure.data.redis.RedisAutoConfiguration': no URL paths identified
2016-05-22 09:21:09.339 DEBUG 9572 --- [    Test worker] o.s.w.s.h.BeanNameUrlHandlerMapping      : Rejected bean name 'org.springframework.autoconfigure.redis.RedisProperties': no URL paths identified
2016-05-22 09:21:09.339 DEBUG 9572 --- [    Test worker] o.s.w.s.h.BeanNameUrlHandlerMapping      : Rejected bean name 'org.springframework.boot.autoconfigure.context.ConfigurationPropertiesAutoConfiguration': no URL paths identified
2016-05-22 09:21:09.339 DEBUG 9572 --- [    Test worker] o.s.w.s.h.BeanNameUrlHandlerMapping      : Rejected bean name 'org.springframework.boot.autoconfigure.dao.PersistenceExceptionTranslationAutoConfiguration': no URL paths identified
2016-05-22 09:21:09.339 DEBUG 9572 --- [    Test worker] o.s.w.s.h.BeanNameUrlHandlerMapping      : Rejected bean name 'persistenceExceptionTranslationPostProcessor': no URL paths identified
2016-05-22 09:21:09.339 DEBUG 9572 --- [    Test worker] o.s.w.s.h.BeanNameUrlHandlerMapping      : Rejected bean name 'org.springframework.boot.autoconfigure.jackson.JacksonAutoConfiguration$JacksonObjectMapperBuilderConfiguration': no URL paths identified
2016-05-22 09:21:09.339 DEBUG 9572 --- [    Test worker] o.s.w.s.h.BeanNameUrlHandlerMapping      : Rejected bean name 'jacksonObjectMapperBuilder': no URL paths identified
2016-05-22 09:21:09.340 DEBUG 9572 --- [    Test worker] o.s.w.s.h.BeanNameUrlHandlerMapping      : Rejected bean name 'spring.jackson.CONFIGURATION_PROPERTIES': no URL paths identified
2016-05-22 09:21:09.340 DEBUG 9572 --- [    Test worker] o.s.w.s.h.BeanNameUrlHandlerMapping      : Rejected bean name 'org.springframework.boot.autoconfigure.jackson.JacksonAutoConfiguration$JacksonObjectMapperConfiguration': no URL paths identified
2016-05-22 09:21:09.340 DEBUG 9572 --- [    Test worker] o.s.w.s.h.BeanNameUrlHandlerMapping      : Rejected bean name 'org.springframework.boot.autoconfigure.jackson.JacksonAutoConfiguration': no URL paths identified
2016-05-22 09:21:09.340 DEBUG 9572 --- [    Test worker] o.s.w.s.h.BeanNameUrlHandlerMapping      : Rejected bean name 'org.springframework.boot.autoconfigure.web.HttpMessageConvertersAutoConfiguration$StringHttpMessageConverterConfiguration': no URL paths identified
2016-05-22 09:21:09.340 DEBUG 9572 --- [    Test worker] o.s.w.s.h.BeanNameUrlHandlerMapping      : Rejected bean name 'stringHttpMessageConverter': no URL paths identified
2016-05-22 09:21:09.340 DEBUG 9572 --- [    Test worker] o.s.w.s.h.BeanNameUrlHandlerMapping      : Rejected bean name 'spring.http.encoding.CONFIGURATION_PROPERTIES': no URL paths identified
2016-05-22 09:21:09.340 DEBUG 9572 --- [    Test worker] o.s.w.s.h.BeanNameUrlHandlerMapping      : Rejected bean name 'org.springframework.boot.autoconfigure.web.JacksonHttpMessageConvertersConfiguration$MappingJackson2XmlHttpMessageConverterConfiguration': no URL paths identified
2016-05-22 09:21:09.340 DEBUG 9572 --- [    Test worker] o.s.w.s.h.BeanNameUrlHandlerMapping      : Rejected bean name 'mappingJackson2XmlHttpMessageConverter': no URL paths identified
2016-05-22 09:21:09.340 DEBUG 9572 --- [    Test worker] o.s.w.s.h.BeanNameUrlHandlerMapping      : Rejected bean name 'org.springframework.boot.autoconfigure.web.JacksonHttpMessageConvertersConfiguration$MappingJackson2HttpMessageConverterConfiguration': no URL paths identified
2016-05-22 09:21:09.340 DEBUG 9572 --- [    Test worker] o.s.w.s.h.BeanNameUrlHandlerMapping      : Rejected bean name 'mappingJackson2HttpMessageConverter': no URL paths identified
2016-05-22 09:21:09.340 DEBUG 9572 --- [    Test worker] o.s.w.s.h.BeanNameUrlHandlerMapping      : Rejected bean name 'org.springframework.boot.autoconfigure.web.JacksonHttpMessageConvertersConfiguration': no URL paths identified
2016-05-22 09:21:09.340 DEBUG 9572 --- [    Test worker] o.s.w.s.h.BeanNameUrlHandlerMapping      : Rejected bean name 'org.springframework.boot.autoconfigure.web.HttpMessageConvertersAutoConfiguration': no URL paths identified
2016-05-22 09:21:09.341 DEBUG 9572 --- [    Test worker] o.s.w.s.h.BeanNameUrlHandlerMapping      : Rejected bean name 'messageConverters': no URL paths identified
2016-05-22 09:21:09.341 DEBUG 9572 --- [    Test worker] o.s.w.s.h.BeanNameUrlHandlerMapping      : Rejected bean name 'org.springframework.boot.autoconfigure.security.SpringBootWebSecurityConfiguration$ApplicationWebSecurityConfigurerAdapter': no URL paths identified
2016-05-22 09:21:09.341 DEBUG 9572 --- [    Test worker] o.s.w.s.h.BeanNameUrlHandlerMapping      : Rejected bean name 'org.springframework.security.config.annotation.authentication.configuration.AuthenticationConfiguration': no URL paths identified
2016-05-22 09:21:09.341 DEBUG 9572 --- [    Test worker] o.s.w.s.h.BeanNameUrlHandlerMapping      : Rejected bean name 'authenticationManagerBuilder': no URL paths identified
2016-05-22 09:21:09.341 DEBUG 9572 --- [    Test worker] o.s.w.s.h.BeanNameUrlHandlerMapping      : Rejected bean name 'enableGlobalAuthenticationAutowiredConfigurer': no URL paths identified
2016-05-22 09:21:09.341 DEBUG 9572 --- [    Test worker] o.s.w.s.h.BeanNameUrlHandlerMapping      : Rejected bean name 'org.springframework.security.config.annotation.web.configuration.WebSecurityConfiguration': no URL paths identified
2016-05-22 09:21:09.341 DEBUG 9572 --- [    Test worker] o.s.w.s.h.BeanNameUrlHandlerMapping      : Rejected bean name 'delegatingApplicationListener': no URL paths identified
2016-05-22 09:21:09.341 DEBUG 9572 --- [    Test worker] o.s.w.s.h.BeanNameUrlHandlerMapping      : Rejected bean name 'webSecurityExpressionHandler': no URL paths identified
2016-05-22 09:21:09.341 DEBUG 9572 --- [    Test worker] o.s.w.s.h.BeanNameUrlHandlerMapping      : Rejected bean name 'springSecurityFilterChain': no URL paths identified
2016-05-22 09:21:09.341 DEBUG 9572 --- [    Test worker] o.s.w.s.h.BeanNameUrlHandlerMapping      : Rejected bean name 'privilegeEvaluator': no URL paths identified
2016-05-22 09:21:09.341 DEBUG 9572 --- [    Test worker] o.s.w.s.h.BeanNameUrlHandlerMapping      : Rejected bean name 'autowiredWebSecurityConfigurersIgnoreParents': no URL paths identified
2016-05-22 09:21:09.341 DEBUG 9572 --- [    Test worker] o.s.w.s.h.BeanNameUrlHandlerMapping      : Rejected bean name 'org.springframework.security.config.annotation.configuration.ObjectPostProcessorConfiguration': no URL paths identified
2016-05-22 09:21:09.342 DEBUG 9572 --- [    Test worker] o.s.w.s.h.BeanNameUrlHandlerMapping      : Rejected bean name 'objectPostProcessor': no URL paths identified
2016-05-22 09:21:09.344 DEBUG 9572 --- [    Test worker] o.s.w.s.h.BeanNameUrlHandlerMapping      : Rejected bean name 'org.springframework.security.config.annotation.web.configuration.WebMvcSecurityConfiguration': no URL paths identified
2016-05-22 09:21:09.344 DEBUG 9572 --- [    Test worker] o.s.w.s.h.BeanNameUrlHandlerMapping      : Rejected bean name 'requestDataValueProcessor': no URL paths identified
2016-05-22 09:21:09.344 DEBUG 9572 --- [    Test worker] o.s.w.s.h.BeanNameUrlHandlerMapping      : Rejected bean name 'org.springframework.boot.autoconfigure.security.SpringBootWebSecurityConfiguration': no URL paths identified
2016-05-22 09:21:09.345 DEBUG 9572 --- [    Test worker] o.s.w.s.h.BeanNameUrlHandlerMapping      : Rejected bean name 'ignoredPathsWebSecurityConfigurerAdapter': no URL paths identified
2016-05-22 09:21:09.345 DEBUG 9572 --- [    Test worker] o.s.w.s.h.BeanNameUrlHandlerMapping      : Rejected bean name 'org.springframework.boot.autoconfigure.security.AuthenticationManagerConfiguration$AuthenticationManagerConfigurationListener': no URL paths identified
2016-05-22 09:21:09.345 DEBUG 9572 --- [    Test worker] o.s.w.s.h.BeanNameUrlHandlerMapping      : Rejected bean name 'org.springframework.boot.autoconfigure.security.AuthenticationManagerConfiguration': no URL paths identified
2016-05-22 09:21:09.345 DEBUG 9572 --- [    Test worker] o.s.w.s.h.BeanNameUrlHandlerMapping      : Rejected bean name 'authenticationManager': no URL paths identified
2016-05-22 09:21:09.345 DEBUG 9572 --- [    Test worker] o.s.w.s.h.BeanNameUrlHandlerMapping      : Rejected bean name 'springBootAuthenticationConfigurerAdapter': no URL paths identified
2016-05-22 09:21:09.345 DEBUG 9572 --- [    Test worker] o.s.w.s.h.BeanNameUrlHandlerMapping      : Rejected bean name 'org.springframework.boot.autoconfigure.security.BootGlobalAuthenticationConfiguration': no URL paths identified
2016-05-22 09:21:09.345 DEBUG 9572 --- [    Test worker] o.s.w.s.h.BeanNameUrlHandlerMapping      : Rejected bean name 'bootGlobalAuthenticationConfigurationAdapter': no URL paths identified
2016-05-22 09:21:09.345 DEBUG 9572 --- [    Test worker] o.s.w.s.h.BeanNameUrlHandlerMapping      : Rejected bean name 'org.springframework.boot.autoconfigure.security.SecurityAutoConfiguration': no URL paths identified
2016-05-22 09:21:09.345 DEBUG 9572 --- [    Test worker] o.s.w.s.h.BeanNameUrlHandlerMapping      : Rejected bean name 'authenticationEventPublisher': no URL paths identified
2016-05-22 09:21:09.345 DEBUG 9572 --- [    Test worker] o.s.w.s.h.BeanNameUrlHandlerMapping      : Rejected bean name 'securityProperties': no URL paths identified
2016-05-22 09:21:09.345 DEBUG 9572 --- [    Test worker] o.s.w.s.h.BeanNameUrlHandlerMapping      : Rejected bean name 'org.springframework.boot.autoconfigure.hateoas.HypermediaAutoConfiguration$EntityLinksConfiguration': no URL paths identified
2016-05-22 09:21:09.346 DEBUG 9572 --- [    Test worker] o.s.w.s.h.BeanNameUrlHandlerMapping      : Rejected bean name 'entityLinksPluginRegistry': no URL paths identified
2016-05-22 09:21:09.346 DEBUG 9572 --- [    Test worker] o.s.w.s.h.BeanNameUrlHandlerMapping      : Rejected bean name 'controllerEntityLinks': no URL paths identified
2016-05-22 09:21:09.346 DEBUG 9572 --- [    Test worker] o.s.w.s.h.BeanNameUrlHandlerMapping      : Rejected bean name 'delegatingEntityLinks': no URL paths identified
2016-05-22 09:21:09.346 DEBUG 9572 --- [    Test worker] o.s.w.s.h.BeanNameUrlHandlerMapping      : Rejected bean name 'org.springframework.hateoas.config.HateoasConfiguration': no URL paths identified
2016-05-22 09:21:09.346 DEBUG 9572 --- [    Test worker] o.s.w.s.h.BeanNameUrlHandlerMapping      : Rejected bean name 'linkRelationMessageSource': no URL paths identified
2016-05-22 09:21:09.346 DEBUG 9572 --- [    Test worker] o.s.w.s.h.BeanNameUrlHandlerMapping      : Rejected bean name 'org.springframework.boot.autoconfigure.hateoas.HypermediaAutoConfiguration$HypermediaConfiguration': no URL paths identified
2016-05-22 09:21:09.346 DEBUG 9572 --- [    Test worker] o.s.w.s.h.BeanNameUrlHandlerMapping      : Rejected bean name 'halObjectMapperConfigurer': no URL paths identified
2016-05-22 09:21:09.346 DEBUG 9572 --- [    Test worker] o.s.w.s.h.BeanNameUrlHandlerMapping      : Rejected bean name '_halObjectMapper': no URL paths identified
2016-05-22 09:21:09.346 DEBUG 9572 --- [    Test worker] o.s.w.s.h.BeanNameUrlHandlerMapping      : Rejected bean name 'org.springframework.hateoas.config.HypermediaSupportBeanDefinitionRegistrar$DefaultObjectMapperCustomizer#0': no URL paths identified
2016-05-22 09:21:09.346 DEBUG 9572 --- [    Test worker] o.s.w.s.h.BeanNameUrlHandlerMapping      : Rejected bean name 'org.springframework.hateoas.config.HypermediaSupportBeanDefinitionRegistrar$Jackson2ModuleRegisteringBeanPostProcessor#0': no URL paths identified
2016-05-22 09:21:09.346 DEBUG 9572 --- [    Test worker] o.s.w.s.h.BeanNameUrlHandlerMapping      : Rejected bean name '_linkDiscovererRegistry': no URL paths identified
2016-05-22 09:21:09.346 DEBUG 9572 --- [    Test worker] o.s.w.s.h.BeanNameUrlHandlerMapping      : Rejected bean name 'org.springframework.hateoas.LinkDiscoverers#0': no URL paths identified
2016-05-22 09:21:09.346 DEBUG 9572 --- [    Test worker] o.s.w.s.h.BeanNameUrlHandlerMapping      : Rejected bean name 'defaultRelProvider': no URL paths identified
2016-05-22 09:21:09.347 DEBUG 9572 --- [    Test worker] o.s.w.s.h.BeanNameUrlHandlerMapping      : Rejected bean name 'annotationRelProvider': no URL paths identified
2016-05-22 09:21:09.347 DEBUG 9572 --- [    Test worker] o.s.w.s.h.BeanNameUrlHandlerMapping      : Rejected bean name 'relProviderPluginRegistry': no URL paths identified
2016-05-22 09:21:09.347 DEBUG 9572 --- [    Test worker] o.s.w.s.h.BeanNameUrlHandlerMapping      : Rejected bean name '_relProvider': no URL paths identified
2016-05-22 09:21:09.347 DEBUG 9572 --- [    Test worker] o.s.w.s.h.BeanNameUrlHandlerMapping      : Rejected bean name 'org.springframework.boot.autoconfigure.hateoas.HypermediaHttpMessageConverterConfiguration': no URL paths identified
2016-05-22 09:21:09.347 DEBUG 9572 --- [    Test worker] o.s.w.s.h.BeanNameUrlHandlerMapping      : Rejected bean name 'halMessageConverterSupportedMediaTypeCustomizer': no URL paths identified
[...]
2016-05-22 09:21:14.073  INFO 9572 --- [    Test worker] s.d.spring.web.caching.CachingAspect     : Caching aspect applied for cache modelDependencies with key java.util.List<masterSpringMVC6.search.LightTweet>(true)
2016-05-22 09:21:14.199  INFO 9572 --- [    Test worker] s.d.s.p.ModelPropertiesKeyGenerator      : Cache key generated: masterSpringMVC6.search.LightTweet(true)
2016-05-22 09:21:14.200  INFO 9572 --- [    Test worker] s.d.spring.web.caching.CachingAspect     : Caching aspect applied for cache modelProperties with key masterSpringMVC6.search.LightTweet(true)
2016-05-22 09:21:14.264  INFO 9572 --- [    Test worker] s.d.s.p.ModelPropertiesKeyGenerator      : Cache key generated: java.time.LocalDateTime(true)
2016-05-22 09:21:14.264  INFO 9572 --- [    Test worker] s.d.spring.web.caching.CachingAspect     : Caching aspect applied for cache modelProperties with key java.time.LocalDateTime(true)
2016-05-22 09:21:14.464  INFO 9572 --- [    Test worker] s.d.s.p.ModelPropertiesKeyGenerator      : Cache key generated: java.time.chrono.Chronology(true)
2016-05-22 09:21:14.464  INFO 9572 --- [    Test worker] s.d.spring.web.caching.CachingAspect     : Caching aspect applied for cache modelProperties with key java.time.chrono.Chronology(true)
2016-05-22 09:21:14.504  INFO 9572 --- [    Test worker] s.d.s.p.ModelPropertiesKeyGenerator      : Cache key generated: java.util.List<masterSpringMVC6.search.LightTweet>(true)
2016-05-22 09:21:14.505  INFO 9572 --- [    Test worker] s.d.spring.web.caching.CachingAspect     : Caching aspect applied for cache modelProperties with key java.util.List<masterSpringMVC6.search.LightTweet>(true)
2016-05-22 09:21:14.515  INFO 9572 --- [    Test worker] s.d.s.p.ModelPropertiesKeyGenerator      : Cache key generated: masterSpringMVC6.search.LightTweet(true)
2016-05-22 09:21:14.515  INFO 9572 --- [    Test worker] s.d.spring.web.caching.CachingAspect     : Caching aspect applied for cache modelProperties with key masterSpringMVC6.search.LightTweet(true)
2016-05-22 09:21:14.525  INFO 9572 --- [    Test worker] s.d.s.p.ModelPropertiesKeyGenerator      : Cache key generated: java.time.LocalDateTime(true)
2016-05-22 09:21:14.525  INFO 9572 --- [    Test worker] s.d.spring.web.caching.CachingAspect     : Caching aspect applied for cache modelProperties with key java.time.LocalDateTime(true)
2016-05-22 09:21:14.526  INFO 9572 --- [    Test worker] s.d.s.p.ModelPropertiesKeyGenerator      : Cache key generated: java.time.chrono.Chronology(true)
2016-05-22 09:21:14.526  INFO 9572 --- [    Test worker] s.d.spring.web.caching.CachingAspect     : Caching aspect applied for cache modelProperties with key java.time.chrono.Chronology(true)
2016-05-22 09:21:14.529  INFO 9572 --- [    Test worker] s.d.spring.web.OperationsKeyGenerator    : Cache key generated: /api/search/{searchType}.masterSpringMVC6.api.SearchApiController.search.DefaultGenericTypeNamingStrategy
2016-05-22 09:21:14.529  INFO 9572 --- [    Test worker] s.d.spring.web.caching.CachingAspect     : Caching aspect applied for cache operations with key /api/search/{searchType}.masterSpringMVC6.api.SearchApiController.search.DefaultGenericTypeNamingStrategy
2016-05-22 09:21:14.648  INFO 9572 --- [    Test worker] s.w.ClassOrApiAnnotationResourceGrouping : Group for method search was search-api-controller
2016-05-22 09:21:14.727  INFO 9572 --- [    Test worker] s.d.schema.ModelContextKeyGenerator      : Cache Key Generated: masterSpringMVC6.user.User(false)
2016-05-22 09:21:14.728  INFO 9572 --- [    Test worker] s.d.spring.web.caching.CachingAspect     : Caching aspect applied for cache models with key masterSpringMVC6.user.User(false)
2016-05-22 09:21:14.728  INFO 9572 --- [    Test worker] s.d.s.p.ModelPropertiesKeyGenerator      : Cache key generated: masterSpringMVC6.user.User(false)
2016-05-22 09:21:14.728  INFO 9572 --- [    Test worker] s.d.spring.web.caching.CachingAspect     : Caching aspect applied for cache modelProperties with key masterSpringMVC6.user.User(false)
2016-05-22 09:21:14.732  INFO 9572 --- [    Test worker] s.d.schema.ModelContextKeyGenerator      : Cache Key Generated: masterSpringMVC6.user.User(false)
2016-05-22 09:21:14.732  INFO 9572 --- [    Test worker] s.d.spring.web.caching.CachingAspect     : Caching aspect applied for cache modelDependencies with key masterSpringMVC6.user.User(false)
2016-05-22 09:21:14.732  INFO 9572 --- [    Test worker] s.d.s.p.ModelPropertiesKeyGenerator      : Cache key generated: masterSpringMVC6.user.User(false)
2016-05-22 09:21:14.732  INFO 9572 --- [    Test worker] s.d.spring.web.caching.CachingAspect     : Caching aspect applied for cache modelProperties with key masterSpringMVC6.user.User(false)
2016-05-22 09:21:14.733  INFO 9572 --- [    Test worker] s.d.s.p.ModelPropertiesKeyGenerator      : Cache key generated: java.time.LocalDate(false)
2016-05-22 09:21:14.733  INFO 9572 --- [    Test worker] s.d.spring.web.caching.CachingAspect     : Caching aspect applied for cache modelProperties with key java.time.LocalDate(false)
2016-05-22 09:21:14.743  INFO 9572 --- [    Test worker] s.d.s.p.ModelPropertiesKeyGenerator      : Cache key generated: java.time.LocalDate(false)
2016-05-22 09:21:14.744  INFO 9572 --- [    Test worker] s.d.spring.web.caching.CachingAspect     : Caching aspect applied for cache modelProperties with key java.time.LocalDate(false)
2016-05-22 09:21:14.745  INFO 9572 --- [    Test worker] s.d.schema.ModelContextKeyGenerator      : Cache Key Generated: masterSpringMVC6.user.User(true)
2016-05-22 09:21:14.745  INFO 9572 --- [    Test worker] s.d.spring.web.caching.CachingAspect     : Caching aspect applied for cache models with key masterSpringMVC6.user.User(true)
2016-05-22 09:21:14.746  INFO 9572 --- [    Test worker] s.d.s.p.ModelPropertiesKeyGenerator      : Cache key generated: masterSpringMVC6.user.User(true)
2016-05-22 09:21:14.746  INFO 9572 --- [    Test worker] s.d.spring.web.caching.CachingAspect     : Caching aspect applied for cache modelProperties with key masterSpringMVC6.user.User(true)
2016-05-22 09:21:14.750  INFO 9572 --- [    Test worker] s.d.schema.ModelContextKeyGenerator      : Cache Key Generated: masterSpringMVC6.user.User(true)
2016-05-22 09:21:14.750  INFO 9572 --- [    Test worker] s.d.spring.web.caching.CachingAspect     : Caching aspect applied for cache modelDependencies with key masterSpringMVC6.user.User(true)
2016-05-22 09:21:14.750  INFO 9572 --- [    Test worker] s.d.s.p.ModelPropertiesKeyGenerator      : Cache key generated: masterSpringMVC6.user.User(true)
2016-05-22 09:21:14.750  INFO 9572 --- [    Test worker] s.d.spring.web.caching.CachingAspect     : Caching aspect applied for cache modelProperties with key masterSpringMVC6.user.User(true)
2016-05-22 09:21:14.751  INFO 9572 --- [    Test worker] s.d.s.p.ModelPropertiesKeyGenerator      : Cache key generated: java.time.LocalDate(true)
2016-05-22 09:21:14.751  INFO 9572 --- [    Test worker] s.d.spring.web.caching.CachingAspect     : Caching aspect applied for cache modelProperties with key java.time.LocalDate(true)
2016-05-22 09:21:14.770  INFO 9572 --- [    Test worker] s.d.s.p.ModelPropertiesKeyGenerator      : Cache key generated: java.time.chrono.Era(true)
2016-05-22 09:21:14.770  INFO 9572 --- [    Test worker] s.d.spring.web.caching.CachingAspect     : Caching aspect applied for cache modelProperties with key java.time.chrono.Era(true)
2016-05-22 09:21:14.773  INFO 9572 --- [    Test worker] s.d.s.p.ModelPropertiesKeyGenerator      : Cache key generated: java.time.chrono.IsoChronology(true)
2016-05-22 09:21:14.773  INFO 9572 --- [    Test worker] s.d.spring.web.caching.CachingAspect     : Caching aspect applied for cache modelProperties with key java.time.chrono.IsoChronology(true)
2016-05-22 09:21:14.803  INFO 9572 --- [    Test worker] s.d.s.p.ModelPropertiesKeyGenerator      : Cache key generated: java.time.LocalDate(true)
2016-05-22 09:21:14.803  INFO 9572 --- [    Test worker] s.d.spring.web.caching.CachingAspect     : Caching aspect applied for cache modelProperties with key java.time.LocalDate(true)
2016-05-22 09:21:14.806  INFO 9572 --- [    Test worker] s.d.s.p.ModelPropertiesKeyGenerator      : Cache key generated: java.time.chrono.Era(true)
2016-05-22 09:21:14.806  INFO 9572 --- [    Test worker] s.d.spring.web.caching.CachingAspect     : Caching aspect applied for cache modelProperties with key java.time.chrono.Era(true)
2016-05-22 09:21:14.806  INFO 9572 --- [    Test worker] s.d.s.p.ModelPropertiesKeyGenerator      : Cache key generated: java.time.chrono.IsoChronology(true)
2016-05-22 09:21:14.807  INFO 9572 --- [    Test worker] s.d.spring.web.caching.CachingAspect     : Caching aspect applied for cache modelProperties with key java.time.chrono.IsoChronology(true)
2016-05-22 09:21:14.807  INFO 9572 --- [    Test worker] s.d.spring.web.OperationsKeyGenerator    : Cache key generated: /api/users.masterSpringMVC6.user.api.UserApiController.createUser.DefaultGenericTypeNamingStrategy
2016-05-22 09:21:14.808  INFO 9572 --- [    Test worker] s.d.spring.web.caching.CachingAspect     : Caching aspect applied for cache operations with key /api/users.masterSpringMVC6.user.api.UserApiController.createUser.DefaultGenericTypeNamingStrategy
2016-05-22 09:21:14.829  INFO 9572 --- [    Test worker] s.w.ClassOrApiAnnotationResourceGrouping : Group for method createUser was user-api-controller
2016-05-22 09:21:14.836  INFO 9572 --- [    Test worker] s.d.schema.ModelContextKeyGenerator      : Cache Key Generated: masterSpringMVC6.user.User(true)
2016-05-22 09:21:14.837  INFO 9572 --- [    Test worker] s.d.spring.web.caching.CachingAspect     : Caching aspect applied for cache models with key masterSpringMVC6.user.User(true)
2016-05-22 09:21:14.838  INFO 9572 --- [    Test worker] s.d.schema.ModelContextKeyGenerator      : Cache Key Generated: masterSpringMVC6.user.User(true)
2016-05-22 09:21:14.838  INFO 9572 --- [    Test worker] s.d.spring.web.caching.CachingAspect     : Caching aspect applied for cache modelDependencies with key masterSpringMVC6.user.User(true)
2016-05-22 09:21:14.838  INFO 9572 --- [    Test worker] s.d.s.p.ModelPropertiesKeyGenerator      : Cache key generated: java.time.LocalDate(true)
2016-05-22 09:21:14.838  INFO 9572 --- [    Test worker] s.d.spring.web.caching.CachingAspect     : Caching aspect applied for cache modelProperties with key java.time.LocalDate(true)
2016-05-22 09:21:14.839  INFO 9572 --- [    Test worker] s.d.s.p.ModelPropertiesKeyGenerator      : Cache key generated: java.time.chrono.Era(true)
2016-05-22 09:21:14.839  INFO 9572 --- [    Test worker] s.d.spring.web.caching.CachingAspect     : Caching aspect applied for cache modelProperties with key java.time.chrono.Era(true)
2016-05-22 09:21:14.840  INFO 9572 --- [    Test worker] s.d.s.p.ModelPropertiesKeyGenerator      : Cache key generated: java.time.chrono.IsoChronology(true)
2016-05-22 09:21:14.840  INFO 9572 --- [    Test worker] s.d.spring.web.caching.CachingAspect     : Caching aspect applied for cache modelProperties with key java.time.chrono.IsoChronology(true)
2016-05-22 09:21:14.841  INFO 9572 --- [    Test worker] s.d.spring.web.OperationsKeyGenerator    : Cache key generated: /api/user/{email}.masterSpringMVC6.user.api.UserApiController.deleteUser.DefaultGenericTypeNamingStrategy
2016-05-22 09:21:14.841  INFO 9572 --- [    Test worker] s.d.spring.web.caching.CachingAspect     : Caching aspect applied for cache operations with key /api/user/{email}.masterSpringMVC6.user.api.UserApiController.deleteUser.DefaultGenericTypeNamingStrategy
2016-05-22 09:21:14.844  INFO 9572 --- [    Test worker] s.w.ClassOrApiAnnotationResourceGrouping : Group for method deleteUser was user-api-controller
2016-05-22 09:21:14.848  INFO 9572 --- [    Test worker] s.d.schema.ModelContextKeyGenerator      : Cache Key Generated: java.util.List<masterSpringMVC6.user.User>(true)
2016-05-22 09:21:14.848  INFO 9572 --- [    Test worker] s.d.spring.web.caching.CachingAspect     : Caching aspect applied for cache models with key java.util.List<masterSpringMVC6.user.User>(true)
2016-05-22 09:21:14.849  INFO 9572 --- [    Test worker] s.d.schema.ModelContextKeyGenerator      : Cache Key Generated: java.util.List<masterSpringMVC6.user.User>(true)
2016-05-22 09:21:14.849  INFO 9572 --- [    Test worker] s.d.spring.web.caching.CachingAspect     : Caching aspect applied for cache modelDependencies with key java.util.List<masterSpringMVC6.user.User>(true)
2016-05-22 09:21:14.850  INFO 9572 --- [    Test worker] s.d.s.p.ModelPropertiesKeyGenerator      : Cache key generated: masterSpringMVC6.user.User(true)
2016-05-22 09:21:14.850  INFO 9572 --- [    Test worker] s.d.spring.web.caching.CachingAspect     : Caching aspect applied for cache modelProperties with key masterSpringMVC6.user.User(true)
2016-05-22 09:21:14.850  INFO 9572 --- [    Test worker] s.d.s.p.ModelPropertiesKeyGenerator      : Cache key generated: java.time.LocalDate(true)
2016-05-22 09:21:14.851  INFO 9572 --- [    Test worker] s.d.spring.web.caching.CachingAspect     : Caching aspect applied for cache modelProperties with key java.time.LocalDate(true)
2016-05-22 09:21:14.851  INFO 9572 --- [    Test worker] s.d.s.p.ModelPropertiesKeyGenerator      : Cache key generated: java.time.chrono.Era(true)
2016-05-22 09:21:14.852  INFO 9572 --- [    Test worker] s.d.spring.web.caching.CachingAspect     : Caching aspect applied for cache modelProperties with key java.time.chrono.Era(true)
2016-05-22 09:21:14.852  INFO 9572 --- [    Test worker] s.d.s.p.ModelPropertiesKeyGenerator      : Cache key generated: java.time.chrono.IsoChronology(true)
2016-05-22 09:21:14.853  INFO 9572 --- [    Test worker] s.d.spring.web.caching.CachingAspect     : Caching aspect applied for cache modelProperties with key java.time.chrono.IsoChronology(true)
2016-05-22 09:21:14.853  INFO 9572 --- [    Test worker] s.d.s.p.ModelPropertiesKeyGenerator      : Cache key generated: java.util.List<masterSpringMVC6.user.User>(true)
2016-05-22 09:21:14.854  INFO 9572 --- [    Test worker] s.d.spring.web.caching.CachingAspect     : Caching aspect applied for cache modelProperties with key java.util.List<masterSpringMVC6.user.User>(true)
2016-05-22 09:21:14.855  INFO 9572 --- [    Test worker] s.d.s.p.ModelPropertiesKeyGenerator      : Cache key generated: masterSpringMVC6.user.User(true)
2016-05-22 09:21:14.855  INFO 9572 --- [    Test worker] s.d.spring.web.caching.CachingAspect     : Caching aspect applied for cache modelProperties with key masterSpringMVC6.user.User(true)
2016-05-22 09:21:14.857  INFO 9572 --- [    Test worker] s.d.s.p.ModelPropertiesKeyGenerator      : Cache key generated: java.time.LocalDate(true)
2016-05-22 09:21:14.858  INFO 9572 --- [    Test worker] s.d.spring.web.caching.CachingAspect     : Caching aspect applied for cache modelProperties with key java.time.LocalDate(true)
2016-05-22 09:21:14.859  INFO 9572 --- [    Test worker] s.d.s.p.ModelPropertiesKeyGenerator      : Cache key generated: java.time.chrono.Era(true)
2016-05-22 09:21:14.859  INFO 9572 --- [    Test worker] s.d.spring.web.caching.CachingAspect     : Caching aspect applied for cache modelProperties with key java.time.chrono.Era(true)
2016-05-22 09:21:14.860  INFO 9572 --- [    Test worker] s.d.s.p.ModelPropertiesKeyGenerator      : Cache key generated: java.time.chrono.IsoChronology(true)
2016-05-22 09:21:14.860  INFO 9572 --- [    Test worker] s.d.spring.web.caching.CachingAspect     : Caching aspect applied for cache modelProperties with key java.time.chrono.IsoChronology(true)
2016-05-22 09:21:14.861  INFO 9572 --- [    Test worker] s.d.spring.web.OperationsKeyGenerator    : Cache key generated: /api/users.masterSpringMVC6.user.api.UserApiController.findAll.DefaultGenericTypeNamingStrategy
2016-05-22 09:21:14.861  INFO 9572 --- [    Test worker] s.d.spring.web.caching.CachingAspect     : Caching aspect applied for cache operations with key /api/users.masterSpringMVC6.user.api.UserApiController.findAll.DefaultGenericTypeNamingStrategy
2016-05-22 09:21:14.864  INFO 9572 --- [    Test worker] s.w.ClassOrApiAnnotationResourceGrouping : Group for method findAll was user-api-controller
2016-05-22 09:21:14.868  INFO 9572 --- [    Test worker] s.d.schema.ModelContextKeyGenerator      : Cache Key Generated: masterSpringMVC6.user.User(false)
2016-05-22 09:21:14.869  INFO 9572 --- [    Test worker] s.d.spring.web.caching.CachingAspect     : Caching aspect applied for cache models with key masterSpringMVC6.user.User(false)
2016-05-22 09:21:14.869  INFO 9572 --- [    Test worker] s.d.schema.ModelContextKeyGenerator      : Cache Key Generated: masterSpringMVC6.user.User(false)
2016-05-22 09:21:14.869  INFO 9572 --- [    Test worker] s.d.spring.web.caching.CachingAspect     : Caching aspect applied for cache modelDependencies with key masterSpringMVC6.user.User(false)
2016-05-22 09:21:14.869  INFO 9572 --- [    Test worker] s.d.s.p.ModelPropertiesKeyGenerator      : Cache key generated: java.time.LocalDate(false)
2016-05-22 09:21:14.870  INFO 9572 --- [    Test worker] s.d.spring.web.caching.CachingAspect     : Caching aspect applied for cache modelProperties with key java.time.LocalDate(false)
2016-05-22 09:21:14.870  INFO 9572 --- [    Test worker] s.d.schema.ModelContextKeyGenerator      : Cache Key Generated: masterSpringMVC6.user.User(true)
2016-05-22 09:21:14.870  INFO 9572 --- [    Test worker] s.d.spring.web.caching.CachingAspect     : Caching aspect applied for cache models with key masterSpringMVC6.user.User(true)
2016-05-22 09:21:14.871  INFO 9572 --- [    Test worker] s.d.schema.ModelContextKeyGenerator      : Cache Key Generated: masterSpringMVC6.user.User(true)
2016-05-22 09:21:14.871  INFO 9572 --- [    Test worker] s.d.spring.web.caching.CachingAspect     : Caching aspect applied for cache modelDependencies with key masterSpringMVC6.user.User(true)
2016-05-22 09:21:14.871  INFO 9572 --- [    Test worker] s.d.s.p.ModelPropertiesKeyGenerator      : Cache key generated: java.time.LocalDate(true)
2016-05-22 09:21:14.871  INFO 9572 --- [    Test worker] s.d.spring.web.caching.CachingAspect     : Caching aspect applied for cache modelProperties with key java.time.LocalDate(true)
2016-05-22 09:21:14.872  INFO 9572 --- [    Test worker] s.d.s.p.ModelPropertiesKeyGenerator      : Cache key generated: java.time.chrono.Era(true)
2016-05-22 09:21:14.872  INFO 9572 --- [    Test worker] s.d.spring.web.caching.CachingAspect     : Caching aspect applied for cache modelProperties with key java.time.chrono.Era(true)
2016-05-22 09:21:14.873  INFO 9572 --- [    Test worker] s.d.s.p.ModelPropertiesKeyGenerator      : Cache key generated: java.time.chrono.IsoChronology(true)
2016-05-22 09:21:14.876  INFO 9572 --- [    Test worker] s.d.spring.web.caching.CachingAspect     : Caching aspect applied for cache modelProperties with key java.time.chrono.IsoChronology(true)
2016-05-22 09:21:14.876  INFO 9572 --- [    Test worker] s.d.spring.web.OperationsKeyGenerator    : Cache key generated: /api/user/{email}.masterSpringMVC6.user.api.UserApiController.updateUser.DefaultGenericTypeNamingStrategy
2016-05-22 09:21:14.876  INFO 9572 --- [    Test worker] s.d.spring.web.caching.CachingAspect     : Caching aspect applied for cache operations with key /api/user/{email}.masterSpringMVC6.user.api.UserApiController.updateUser.DefaultGenericTypeNamingStrategy
2016-05-22 09:21:14.881  INFO 9572 --- [    Test worker] s.w.ClassOrApiAnnotationResourceGrouping : Group for method updateUser was user-api-controller
2016-05-22 09:21:15.027  INFO 9572 --- [    Test worker] m.MasterSpringMvc6ApplicationTests       : Started MasterSpringMvc6ApplicationTests in 21.462 seconds (JVM running for 27.627)
]]></system-out>
  <system-err><![CDATA[]]></system-err>
</testsuite>
